#
# There is insufficient memory for the Java Runtime Environment to continue.
# Native memory allocation (malloc) failed to allocate 1014256 bytes for Chunk::new
# Possible reasons:
#   The system is out of physical RAM or swap space
#   In 32 bit mode, the process size limit was hit
# Possible solutions:
#   Reduce memory load on the system
#   Increase physical memory or swap space
#   Check if swap backing store is full
#   Use 64 bit Java on a 64 bit OS
#   Decrease Java heap size (-Xmx/-Xms)
#   Decrease number of Java threads
#   Decrease Java thread stack sizes (-Xss)
#   Set larger code cache with -XX:ReservedCodeCacheSize=
# This output file may be truncated or incomplete.
#
#  Out of Memory Error (allocation.cpp:390), pid=19260, tid=0x0000000000004970
#
# JRE version: OpenJDK Runtime Environment (8.0_152-b02) (build 1.8.0_152-release-1024-b02)
# Java VM: OpenJDK 64-Bit Server VM (25.152-b02 mixed mode windows-amd64 compressed oops)
# Failed to write core dump. Minidumps are not enabled by default on client versions of Windows
#

---------------  T H R E A D  ---------------

Current thread (0x00000000152f6800):  JavaThread "C2 CompilerThread0" daemon [_thread_in_native, id=18800, stack(0x0000000016f80000,0x0000000017080000)]

Stack: [0x0000000016f80000,0x0000000017080000]
[error occurred during error reporting (printing stack bounds), id 0xc0000005]

Native frames: (J=compiled Java code, j=interpreted, Vv=VM code, C=native code)


Current CompileTask:
C2:  66565 8961       4       com.android.tools.r8.dex.DexFileReader::parseDebugInfo (613 bytes)


---------------  P R O C E S S  ---------------

Java Threads: ( => current thread )
  0x0000000017c5c000 JavaThread "ForkJoinPool-1-worker-3" daemon [_thread_blocked, id=17252, stack(0x00000000228c0000,0x00000000229c0000)]
  0x0000000017c5d800 JavaThread "ForkJoinPool-1-worker-2" daemon [_thread_in_Java, id=10996, stack(0x00000000227c0000,0x00000000228c0000)]
  0x00000000190e9800 JavaThread "ForkJoinPool-1-worker-1" daemon [_thread_blocked, id=18548, stack(0x00000000226c0000,0x00000000227c0000)]
  0x00000000190e9000 JavaThread "ForkJoinPool.commonPool-worker-5" daemon [_thread_blocked, id=2468, stack(0x0000000021e30000,0x0000000021f30000)]
  0x00000000190e8000 JavaThread "ForkJoinPool.commonPool-worker-4" daemon [_thread_blocked, id=18796, stack(0x0000000021d30000,0x0000000021e30000)]
  0x00000000190e7800 JavaThread "ForkJoinPool.commonPool-worker-3" daemon [_thread_blocked, id=18892, stack(0x0000000021c30000,0x0000000021d30000)]
  0x00000000190e6000 JavaThread "ForkJoinPool.commonPool-worker-2" daemon [_thread_blocked, id=20188, stack(0x0000000021b30000,0x0000000021c30000)]
  0x00000000190e0800 JavaThread "ForkJoinPool.commonPool-worker-1" daemon [_thread_blocked, id=2640, stack(0x0000000021a30000,0x0000000021b30000)]
  0x00000000190e5000 JavaThread "Cache worker for Java compile cache (C:\Users\Tony\Documents\Android\Projects\CameraAlert\.gradle\4.10-rc-1\javaCompile)" [_thread_blocked, id=16948, stack(0x0000000021330000,0x0000000021430000)]
  0x00000000190dd800 JavaThread "Cache worker for Java compile cache (C:\Users\Tony\.gradle\caches\4.10-rc-1\javaCompile)" [_thread_blocked, id=2948, stack(0x0000000021230000,0x0000000021330000)]
  0x00000000190e1800 JavaThread "Cache worker for Build Output Cleanup Cache (C:\Users\Tony\Documents\Android\Projects\CameraAlert\.gradle\buildOutputCleanup)" [_thread_blocked, id=18368, stack(0x0000000020e30000,0x0000000020f30000)]
  0x00000000190e4800 JavaThread "Cache worker for task history cache (C:\Users\Tony\Documents\Android\Projects\CameraAlert\.gradle\4.10-rc-1\taskHistory)" [_thread_blocked, id=2464, stack(0x0000000020d30000,0x0000000020e30000)]
  0x00000000190e3800 JavaThread "Task worker for ':' Thread 5" [_thread_blocked, id=20156, stack(0x0000000020c30000,0x0000000020d30000)]
  0x00000000190e3000 JavaThread "Task worker for ':' Thread 4" [_thread_blocked, id=4988, stack(0x0000000020b30000,0x0000000020c30000)]
  0x00000000190e6800 JavaThread "Task worker for ':' Thread 3" [_thread_blocked, id=568, stack(0x0000000020a30000,0x0000000020b30000)]
  0x00000000190db800 JavaThread "Task worker for ':' Thread 2" [_thread_blocked, id=19200, stack(0x0000000020930000,0x0000000020a30000)]
  0x00000000190df000 JavaThread "Task worker for ':'" [_thread_blocked, id=18484, stack(0x0000000020830000,0x0000000020930000)]
  0x00000000190e0000 JavaThread "Cache worker for file content cache (C:\Users\Tony\Documents\Android\Projects\CameraAlert\.gradle\4.10-rc-1\fileContent)" [_thread_blocked, id=18316, stack(0x0000000020730000,0x0000000020830000)]
  0x00000000190dd000 JavaThread "Cache worker for file content cache (C:\Users\Tony\.gradle\caches\4.10-rc-1\fileContent)" [_thread_blocked, id=1560, stack(0x0000000020630000,0x0000000020730000)]
  0x00000000190e2000 JavaThread "Memory manager" [_thread_blocked, id=17176, stack(0x0000000020130000,0x0000000020230000)]
  0x00000000190de800 JavaThread "Build operations Thread 6" [_thread_blocked, id=19312, stack(0x000000001ec30000,0x000000001ed30000)]
  0x00000000190da800 JavaThread "Build operations Thread 5" [_thread_blocked, id=6032, stack(0x000000001eb30000,0x000000001ec30000)]
  0x00000000190ea800 JavaThread "Build operations Thread 4" [_thread_blocked, id=18552, stack(0x000000001ea30000,0x000000001eb30000)]
  0x00000000190f0000 JavaThread "Build operations Thread 3" [_thread_blocked, id=4604, stack(0x000000001e930000,0x000000001ea30000)]
  0x00000000190ed800 JavaThread "Build operations Thread 2" [_thread_blocked, id=17988, stack(0x000000001e830000,0x000000001e930000)]
  0x00000000190f1800 JavaThread "Build operations" [_thread_blocked, id=13212, stack(0x000000001e730000,0x000000001e830000)]
  0x00000000190ed000 JavaThread "Cache worker for Artifact transforms cache (C:\Users\Tony\.gradle\caches\transforms-1)" [_thread_blocked, id=16204, stack(0x000000001e430000,0x000000001e530000)]
  0x00000000190ec000 JavaThread "Cache worker for cache directory md-rule (C:\Users\Tony\.gradle\caches\4.10-rc-1\md-rule)" [_thread_blocked, id=16884, stack(0x000000001e330000,0x000000001e430000)]
  0x00000000190ee800 JavaThread "Cache worker for cache directory md-supplier (C:\Users\Tony\.gradle\caches\4.10-rc-1\md-supplier)" [_thread_blocked, id=19116, stack(0x000000001dbd0000,0x000000001dcd0000)]
  0x00000000190eb800 JavaThread "Cache worker for journal cache (C:\Users\Tony\.gradle\caches\journal-1)" [_thread_blocked, id=4996, stack(0x000000001c670000,0x000000001c770000)]
  0x0000000018bed000 JavaThread "Cache worker for file hash cache (C:\Users\Tony\Documents\Android\Projects\CameraAlert\.gradle\4.10-rc-1\fileHashes)" [_thread_blocked, id=16612, stack(0x000000001b4a0000,0x000000001b5a0000)]
  0x0000000017ab7000 JavaThread "File lock request listener" [_thread_in_native, id=17068, stack(0x000000001b3a0000,0x000000001b4a0000)]
  0x00000000193f7800 JavaThread "Cache worker for file hash cache (C:\Users\Tony\.gradle\caches\4.10-rc-1\fileHashes)" [_thread_blocked, id=8544, stack(0x000000001b2a0000,0x000000001b3a0000)]
  0x00000000184d1800 JavaThread "Stdin handler" [_thread_blocked, id=8568, stack(0x000000001afa0000,0x000000001b0a0000)]
  0x00000000184d1000 JavaThread "Asynchronous log dispatcher for DefaultDaemonConnection: socket connection from /127.0.0.1:49432 to /127.0.0.1:49433" [_thread_blocked, id=16952, stack(0x000000001aea0000,0x000000001afa0000)]
  0x00000000188a4800 JavaThread "Daemon worker" [_thread_blocked, id=17336, stack(0x000000001aba0000,0x000000001aca0000)]
  0x0000000018852800 JavaThread "Cancel handler" [_thread_blocked, id=5936, stack(0x000000001aaa0000,0x000000001aba0000)]
  0x0000000018862000 JavaThread "Handler for socket connection from /127.0.0.1:49432 to /127.0.0.1:49433" [_thread_in_native, id=17824, stack(0x000000001a9a0000,0x000000001aaa0000)]
  0x0000000018d9f800 JavaThread "Daemon" [_thread_blocked, id=10328, stack(0x000000001a8a0000,0x000000001a9a0000)]
  0x0000000018e00000 JavaThread "Daemon periodic checks" [_thread_blocked, id=10656, stack(0x000000001a7a0000,0x000000001a8a0000)]
  0x0000000017f90800 JavaThread "Incoming local TCP Connector on port 49432" [_thread_in_native, id=17440, stack(0x000000001a560000,0x000000001a660000)]
  0x00000000171fa800 JavaThread "Service Thread" daemon [_thread_blocked, id=17852, stack(0x0000000017680000,0x0000000017780000)]
  0x000000001530e800 JavaThread "C1 CompilerThread2" daemon [_thread_blocked, id=20224, stack(0x0000000017580000,0x0000000017680000)]
  0x00000000152fa000 JavaThread "C2 CompilerThread1" daemon [_thread_in_native, id=18644, stack(0x0000000017080000,0x0000000017180000)]
=>0x00000000152f6800 JavaThread "C2 CompilerThread0" daemon [_thread_in_native, id=18800, stack(0x0000000016f80000,0x0000000017080000)]
  0x00000000152f3800 JavaThread "Attach Listener" daemon [_thread_blocked, id=17220, stack(0x0000000016e80000,0x0000000016f80000)]
  0x00000000152f0000 JavaThread "Signal Dispatcher" daemon [_thread_blocked, id=9056, stack(0x0000000016d80000,0x0000000016e80000)]
  0x00000000152db000 JavaThread "Finalizer" daemon [_thread_blocked, id=18444, stack(0x0000000016b80000,0x0000000016c80000)]
  0x00000000029d5000 JavaThread "Reference Handler" daemon [_thread_blocked, id=16164, stack(0x0000000016a80000,0x0000000016b80000)]
  0x00000000028e3000 JavaThread "main" [_thread_blocked, id=8072, stack(0x00000000026f0000,0x00000000027f0000)]

Other Threads:
  0x00000000152b7000 VMThread [stack: 0x0000000016980000,0x0000000016a80000] [id=2484]
  0x00000000171fb000 WatcherThread [stack: 0x0000000017780000,0x0000000017880000] [id=17308]

VM state:not at safepoint (normal execution)

VM Mutex/Monitor currently owned by a thread: None

Heap:
 PSYoungGen      total 270848K, used 223537K [0x00000000eab00000, 0x0000000100000000, 0x0000000100000000)
  eden space 248832K, 89% used [0x00000000eab00000,0x00000000f854c6f8,0x00000000f9e00000)
  from space 22016K, 0% used [0x00000000f9e00000,0x00000000f9e00000,0x00000000fb380000)
  to   space 22528K, 0% used [0x00000000fea00000,0x00000000fea00000,0x0000000100000000)
 ParOldGen       total 104960K, used 34625K [0x00000000c0000000, 0x00000000c6680000, 0x00000000eab00000)
  object space 104960K, 32% used [0x00000000c0000000,0x00000000c21d07c8,0x00000000c6680000)
 Metaspace       used 69974K, capacity 72812K, committed 73008K, reserved 1112064K
  class space    used 9568K, capacity 10216K, committed 10288K, reserved 1048576K

Card table byte_map: [0x0000000011da0000,0x0000000011fb0000] byte_map_base: 0x00000000117a0000

Marking Bits: (ParMarkBitMap*) 0x000000005bff4970
 Begin Bits: [0x0000000012710000, 0x0000000013710000)
 End Bits:   [0x0000000013710000, 0x0000000014710000)

Polling page: 0x00000000027f0000

CodeCache: size=245760Kb used=25137Kb max_used=25137Kb free=220623Kb
 bounds [0x00000000029e0000, 0x0000000004290000, 0x00000000119e0000]
 total_blobs=8755 nmethods=7932 adapters=736
 compilation: enabled

Compilation events (10 events):
Event: 66.423 Thread 0x000000001530e800 9021       2       com.android.tools.r8.graph.DexCode$TryHandler$TypeAddrPair::<init> (15 bytes)
Event: 66.423 Thread 0x000000001530e800 nmethod 9021 0x0000000003d066d0 code [0x0000000003d06820, 0x0000000003d06990]
Event: 66.439 Thread 0x000000001530e800 9022       2       com.android.tools.r8.code.Format31t::hashCode (21 bytes)
Event: 66.440 Thread 0x000000001530e800 nmethod 9022 0x0000000003d06310 code [0x0000000003d06480, 0x0000000003d06628]
Event: 66.456 Thread 0x000000001530e800 9023       2       com.android.tools.r8.code.PackedSwitchPayload::<init> (59 bytes)
Event: 66.457 Thread 0x000000001530e800 nmethod 9023 0x0000000003d05710 code [0x0000000003d058c0, 0x0000000003d05e08]
Event: 66.463 Thread 0x000000001530e800 9024       2       java.util.Arrays::hashCode (44 bytes)
Event: 66.464 Thread 0x000000001530e800 nmethod 9024 0x0000000003d052d0 code [0x0000000003d05420, 0x0000000003d055f0]
Event: 66.478 Thread 0x000000001530e800 9025       2       com.android.tools.r8.code.PackedSwitchPayload::hashCode (40 bytes)
Event: 66.480 Thread 0x000000001530e800 nmethod 9025 0x0000000003d04e50 code [0x0000000003d04fc0, 0x0000000003d051c8]

GC Heap History (10 events):
Event: 27.831 GC heap before
{Heap before GC invocations=10 (full 2):
 PSYoungGen      total 183808K, used 7543K [0x00000000eab00000, 0x00000000f9300000, 0x0000000100000000)
  eden space 170496K, 0% used [0x00000000eab00000,0x00000000eab00000,0x00000000f5180000)
  from space 13312K, 56% used [0x00000000f5e00000,0x00000000f655dca8,0x00000000f6b00000)
  to   space 12800K, 0% used [0x00000000f5180000,0x00000000f5180000,0x00000000f5e00000)
 ParOldGen       total 56320K, used 12085K [0x00000000c0000000, 0x00000000c3700000, 0x00000000eab00000)
  object space 56320K, 21% used [0x00000000c0000000,0x00000000c0bcd758,0x00000000c3700000)
 Metaspace       used 34814K, capacity 35306K, committed 35496K, reserved 1079296K
  class space    used 4855K, capacity 5063K, committed 5168K, reserved 1048576K
Event: 27.933 GC heap after
Heap after GC invocations=10 (full 2):
 PSYoungGen      total 183808K, used 0K [0x00000000eab00000, 0x00000000f9300000, 0x0000000100000000)
  eden space 170496K, 0% used [0x00000000eab00000,0x00000000eab00000,0x00000000f5180000)
  from space 13312K, 0% used [0x00000000f5e00000,0x00000000f5e00000,0x00000000f6b00000)
  to   space 12800K, 0% used [0x00000000f5180000,0x00000000f5180000,0x00000000f5e00000)
 ParOldGen       total 66560K, used 14311K [0x00000000c0000000, 0x00000000c4100000, 0x00000000eab00000)
  object space 66560K, 21% used [0x00000000c0000000,0x00000000c0df9de0,0x00000000c4100000)
 Metaspace       used 34814K, capacity 35306K, committed 35496K, reserved 1079296K
  class space    used 4855K, capacity 5063K, committed 5168K, reserved 1048576K
}
Event: 35.840 GC heap before
{Heap before GC invocations=11 (full 2):
 PSYoungGen      total 183808K, used 170496K [0x00000000eab00000, 0x00000000f9300000, 0x0000000100000000)
  eden space 170496K, 100% used [0x00000000eab00000,0x00000000f5180000,0x00000000f5180000)
  from space 13312K, 0% used [0x00000000f5e00000,0x00000000f5e00000,0x00000000f6b00000)
  to   space 12800K, 0% used [0x00000000f5180000,0x00000000f5180000,0x00000000f5e00000)
 ParOldGen       total 66560K, used 14311K [0x00000000c0000000, 0x00000000c4100000, 0x00000000eab00000)
  object space 66560K, 21% used [0x00000000c0000000,0x00000000c0df9de0,0x00000000c4100000)
 Metaspace       used 47074K, capacity 48052K, committed 48304K, reserved 1091584K
  class space    used 6430K, capacity 6725K, committed 6832K, reserved 1048576K
Event: 35.880 GC heap after
Heap after GC invocations=11 (full 2):
 PSYoungGen      total 183296K, used 12787K [0x00000000eab00000, 0x00000000fc380000, 0x0000000100000000)
  eden space 170496K, 0% used [0x00000000eab00000,0x00000000eab00000,0x00000000f5180000)
  from space 12800K, 99% used [0x00000000f5180000,0x00000000f5dfce98,0x00000000f5e00000)
  to   space 16384K, 0% used [0x00000000fb380000,0x00000000fb380000,0x00000000fc380000)
 ParOldGen       total 66560K, used 19743K [0x00000000c0000000, 0x00000000c4100000, 0x00000000eab00000)
  object space 66560K, 29% used [0x00000000c0000000,0x00000000c1347d00,0x00000000c4100000)
 Metaspace       used 47074K, capacity 48052K, committed 48304K, reserved 1091584K
  class space    used 6430K, capacity 6725K, committed 6832K, reserved 1048576K
}
Event: 41.480 GC heap before
{Heap before GC invocations=12 (full 2):
 PSYoungGen      total 183296K, used 183283K [0x00000000eab00000, 0x00000000fc380000, 0x0000000100000000)
  eden space 170496K, 100% used [0x00000000eab00000,0x00000000f5180000,0x00000000f5180000)
  from space 12800K, 99% used [0x00000000f5180000,0x00000000f5dfce98,0x00000000f5e00000)
  to   space 16384K, 0% used [0x00000000fb380000,0x00000000fb380000,0x00000000fc380000)
 ParOldGen       total 66560K, used 19743K [0x00000000c0000000, 0x00000000c4100000, 0x00000000eab00000)
  object space 66560K, 29% used [0x00000000c0000000,0x00000000c1347d00,0x00000000c4100000)
 Metaspace       used 56198K, capacity 58178K, committed 58288K, reserved 1099776K
  class space    used 7767K, capacity 8270K, committed 8368K, reserved 1048576K
Event: 41.559 GC heap after
Heap after GC invocations=12 (full 2):
 PSYoungGen      total 265216K, used 16365K [0x00000000eab00000, 0x00000000fcc00000, 0x0000000100000000)
  eden space 248832K, 0% used [0x00000000eab00000,0x00000000eab00000,0x00000000f9e00000)
  from space 16384K, 99% used [0x00000000fb380000,0x00000000fc37b608,0x00000000fc380000)
  to   space 22016K, 0% used [0x00000000f9e00000,0x00000000f9e00000,0x00000000fb380000)
 ParOldGen       total 66560K, used 29250K [0x00000000c0000000, 0x00000000c4100000, 0x00000000eab00000)
  object space 66560K, 43% used [0x00000000c0000000,0x00000000c1c90b90,0x00000000c4100000)
 Metaspace       used 56198K, capacity 58178K, committed 58288K, reserved 1099776K
  class space    used 7767K, capacity 8270K, committed 8368K, reserved 1048576K
}
Event: 43.929 GC heap before
{Heap before GC invocations=13 (full 2):
 PSYoungGen      total 265216K, used 60012K [0x00000000eab00000, 0x00000000fcc00000, 0x0000000100000000)
  eden space 248832K, 17% used [0x00000000eab00000,0x00000000ed59fce8,0x00000000f9e00000)
  from space 16384K, 99% used [0x00000000fb380000,0x00000000fc37b608,0x00000000fc380000)
  to   space 22016K, 0% used [0x00000000f9e00000,0x00000000f9e00000,0x00000000fb380000)
 ParOldGen       total 66560K, used 29250K [0x00000000c0000000, 0x00000000c4100000, 0x00000000eab00000)
  object space 66560K, 43% used [0x00000000c0000000,0x00000000c1c90b90,0x00000000c4100000)
 Metaspace       used 57059K, capacity 59138K, committed 59160K, reserved 1099776K
  class space    used 7855K, capacity 8361K, committed 8368K, reserved 1048576K
Event: 43.988 GC heap after
Heap after GC invocations=13 (full 2):
 PSYoungGen      total 270848K, used 2336K [0x00000000eab00000, 0x0000000100000000, 0x0000000100000000)
  eden space 248832K, 0% used [0x00000000eab00000,0x00000000eab00000,0x00000000f9e00000)
  from space 22016K, 10% used [0x00000000f9e00000,0x00000000fa048000,0x00000000fb380000)
  to   space 22528K, 0% used [0x00000000fea00000,0x00000000fea00000,0x0000000100000000)
 ParOldGen       total 66560K, used 45473K [0x00000000c0000000, 0x00000000c4100000, 0x00000000eab00000)
  object space 66560K, 68% used [0x00000000c0000000,0x00000000c2c687a8,0x00000000c4100000)
 Metaspace       used 57059K, capacity 59138K, committed 59160K, reserved 1099776K
  class space    used 7855K, capacity 8361K, committed 8368K, reserved 1048576K
}
Event: 43.988 GC heap before
{Heap before GC invocations=14 (full 3):
 PSYoungGen      total 270848K, used 2336K [0x00000000eab00000, 0x0000000100000000, 0x0000000100000000)
  eden space 248832K, 0% used [0x00000000eab00000,0x00000000eab00000,0x00000000f9e00000)
  from space 22016K, 10% used [0x00000000f9e00000,0x00000000fa048000,0x00000000fb380000)
  to   space 22528K, 0% used [0x00000000fea00000,0x00000000fea00000,0x0000000100000000)
 ParOldGen       total 66560K, used 45473K [0x00000000c0000000, 0x00000000c4100000, 0x00000000eab00000)
  object space 66560K, 68% used [0x00000000c0000000,0x00000000c2c687a8,0x00000000c4100000)
 Metaspace       used 57059K, capacity 59138K, committed 59160K, reserved 1099776K
  class space    used 7855K, capacity 8361K, committed 8368K, reserved 1048576K
Event: 44.517 GC heap after
Heap after GC invocations=14 (full 3):
 PSYoungGen      total 270848K, used 0K [0x00000000eab00000, 0x0000000100000000, 0x0000000100000000)
  eden space 248832K, 0% used [0x00000000eab00000,0x00000000eab00000,0x00000000f9e00000)
  from space 22016K, 0% used [0x00000000f9e00000,0x00000000f9e00000,0x00000000fb380000)
  to   space 22528K, 0% used [0x00000000fea00000,0x00000000fea00000,0x0000000100000000)
 ParOldGen       total 104960K, used 34625K [0x00000000c0000000, 0x00000000c6680000, 0x00000000eab00000)
  object space 104960K, 32% used [0x00000000c0000000,0x00000000c21d07c8,0x00000000c6680000)
 Metaspace       used 57056K, capacity 59132K, committed 59160K, reserved 1099776K
  class space    used 7854K, capacity 8360K, committed 8368K, reserved 1048576K
}

Deoptimization events (10 events):
Event: 65.216 Thread 0x00000000190e6000 Uncommon trap: reason=unstable_if action=reinterpret pc=0x00000000041f7e9c method=com.android.tools.r8.utils.IdentifierUtils.isSimpleNameChar(C)Z @ 31
Event: 65.216 Thread 0x00000000190e6000 Uncommon trap: reason=unstable_if action=reinterpret pc=0x000000000420929c method=com.android.tools.r8.utils.IdentifierUtils.isSimpleNameChar(C)Z @ 31
Event: 65.217 Thread 0x00000000190e6000 Uncommon trap: reason=unstable_if action=reinterpret pc=0x0000000004208238 method=com.android.tools.r8.utils.IdentifierUtils.isSimpleNameChar(C)Z @ 31
Event: 65.223 Thread 0x00000000190e6000 Uncommon trap: reason=unstable_if action=reinterpret pc=0x00000000042127a4 method=com.android.tools.r8.graph.DexString.computeEquals(Ljava/lang/Object;)Z @ 34
Event: 65.243 Thread 0x00000000190e6000 Uncommon trap: reason=unstable_if action=reinterpret pc=0x000000000420cb7c method=com.android.tools.r8.utils.LebUtils.parseUleb128(Lcom/android/tools/r8/dex/BaseFile;)I @ 27
Event: 65.573 Thread 0x0000000017c5d800 Uncommon trap: reason=unstable_if action=reinterpret pc=0x000000000421c6bc method=java.util.Arrays.hashCode([Ljava/lang/Object;)I @ 1
Event: 65.573 Thread 0x00000000190e9800 Uncommon trap: reason=unstable_if action=reinterpret pc=0x000000000421c6bc method=java.util.Arrays.hashCode([Ljava/lang/Object;)I @ 1
Event: 65.642 Thread 0x00000000190e9800 Uncommon trap: reason=unstable_if action=reinterpret pc=0x0000000002d5c710 method=com.android.tools.r8.it.unimi.dsi.fastutil.ints.Int2ObjectOpenHashMap.get(I)Ljava/lang/Object; @ 1
Event: 66.144 Thread 0x0000000017c5d800 Uncommon trap: reason=unloaded action=reinterpret pc=0x000000000425896c method=com.android.tools.r8.code.BaseInstructionFactory.create(IILcom/android/tools/r8/code/BytecodeStream;Lcom/android/tools/r8/graph/OffsetToObjectMapping;)Lcom/android/tools/r8/cod
Event: 66.377 Thread 0x0000000017c5d800 Uncommon trap: reason=null_check action=make_not_entrant pc=0x0000000004289220 method=com.android.tools.r8.dex.DexFileReader.debugInfoAt(I)Lcom/android/tools/r8/graph/DexDebugInfo; @ 11

Classes redefined (0 events):
No events

Internal exceptions (10 events):
Event: 59.599 Thread 0x00000000190e0800 Exception <a 'java/lang/NoSuchMethodError': java.lang.Object.lambda$and$0(Ljava/util/function/Predicate;Ljava/lang/Object;)Z> (0x00000000f243dce0) thrown at [D:\src\AOSP-openjdk-cygwin\jdk8u\hotspot\src\share\vm\interpreter\linkResolver.cpp, line 584]
Event: 59.599 Thread 0x00000000190e7800 Exception <a 'java/lang/NoSuchMethodError': java.lang.Object.lambda$and$0(Ljava/util/function/Predicate;Ljava/lang/Object;)Z> (0x00000000f25dba08) thrown at [D:\src\AOSP-openjdk-cygwin\jdk8u\hotspot\src\share\vm\interpreter\linkResolver.cpp, line 584]
Event: 59.606 Thread 0x00000000190e0800 Exception <a 'java/lang/NoSuchMethodError': java.lang.Object.lambda$static$0(Ljava/lang/String;)Z> (0x00000000f2448fe0) thrown at [D:\src\AOSP-openjdk-cygwin\jdk8u\hotspot\src\share\vm\interpreter\linkResolver.cpp, line 584]
Event: 59.801 Thread 0x00000000190e6000 Exception <a 'sun/nio/fs/WindowsException'> (0x00000000f28c5140) thrown at [D:\src\AOSP-openjdk-cygwin\jdk8u\hotspot\src\share\vm\prims\jni.cpp, line 709]
Event: 60.389 Thread 0x0000000017c5b800 Exception <a 'java/lang/NoSuchMethodError': java.lang.Object.lambda$comparingInt$7b0bb60$1(Ljava/util/function/ToIntFunction;Ljava/lang/Object;Ljava/lang/Object;)I> (0x00000000f359da20) thrown at [D:\src\AOSP-openjdk-cygwin\jdk8u\hotspot\src\share\vm\inte
Event: 61.021 Thread 0x0000000017c5b800 Exception <a 'sun/nio/fs/WindowsException'> (0x00000000f3f82ab0) thrown at [D:\src\AOSP-openjdk-cygwin\jdk8u\hotspot\src\share\vm\prims\jni.cpp, line 709]
Event: 65.120 Thread 0x00000000190e6000 Exception <a 'sun/nio/fs/WindowsException'> (0x00000000f4c0db30) thrown at [D:\src\AOSP-openjdk-cygwin\jdk8u\hotspot\src\share\vm\prims\jni.cpp, line 709]
Event: 65.573 Thread 0x0000000017c5d800 Implicit null exception at 0x000000000421c5af to 0x000000000421c6ad
Event: 65.573 Thread 0x00000000190e9800 Implicit null exception at 0x000000000421c5af to 0x000000000421c6ad
Event: 66.377 Thread 0x0000000017c5d800 Implicit null exception at 0x0000000004286a49 to 0x0000000004289211

Events (10 events):
Event: 65.647 loading class com/android/tools/r8/dex/DexFileReader
Event: 65.647 loading class com/android/tools/r8/dex/DexFileReader done
Event: 65.684 Executing VM operation: RevokeBias
Event: 65.712 Executing VM operation: RevokeBias done
Event: 66.144 Thread 0x0000000017c5d800 Uncommon trap: trap_request=0x000000b7 fr.pc=0x000000000425896c
Event: 66.145 Thread 0x0000000017c5d800 DEOPT PACKING pc=0x000000000425896c sp=0x00000000228bed60
Event: 66.145 Thread 0x0000000017c5d800 DEOPT UNPACKING pc=0x0000000002a2557b sp=0x00000000228bed30 mode 2
Event: 66.377 Thread 0x0000000017c5d800 Uncommon trap: trap_request=0xfffffff4 fr.pc=0x0000000004289220
Event: 66.377 Thread 0x0000000017c5d800 DEOPT PACKING pc=0x0000000004289220 sp=0x00000000228befc0
Event: 66.377 Thread 0x0000000017c5d800 DEOPT UNPACKING pc=0x0000000002a2557b sp=0x00000000228bef38 mode 2


Dynamic libraries:
0x00007ff691980000 - 0x00007ff6919b1000 	C:\Program Files\Android\Android Studio\jre\bin\java.exe
0x00007ffa8eee0000 - 0x00007ffa8f0c7000 	C:\WINDOWS\SYSTEM32\ntdll.dll
0x00007ffa8c700000 - 0x00007ffa8c7b2000 	C:\WINDOWS\System32\KERNEL32.DLL
0x00007ffa8bca0000 - 0x00007ffa8bf1f000 	C:\WINDOWS\System32\KERNELBASE.dll
0x00007ffa8cf80000 - 0x00007ffa8d022000 	C:\WINDOWS\System32\ADVAPI32.dll
0x00007ffa8ce10000 - 0x00007ffa8ceae000 	C:\WINDOWS\System32\msvcrt.dll
0x00007ffa8c5d0000 - 0x00007ffa8c66e000 	C:\WINDOWS\System32\sechost.dll
0x00007ffa8c180000 - 0x00007ffa8c29f000 	C:\WINDOWS\System32\RPCRT4.dll
0x00007ffa8c950000 - 0x00007ffa8cae7000 	C:\WINDOWS\System32\USER32.dll
0x00007ffa8ba40000 - 0x00007ffa8ba60000 	C:\WINDOWS\System32\win32u.dll
0x00007ffa8c670000 - 0x00007ffa8c698000 	C:\WINDOWS\System32\GDI32.dll
0x00007ffa8b800000 - 0x00007ffa8b992000 	C:\WINDOWS\System32\gdi32full.dll
0x00007ffa8b9a0000 - 0x00007ffa8ba3d000 	C:\WINDOWS\System32\msvcp_win.dll
0x00007ffa8c060000 - 0x00007ffa8c15d000 	C:\WINDOWS\System32\ucrtbase.dll
0x00007ffa7d3f0000 - 0x00007ffa7d66a000 	C:\WINDOWS\WinSxS\amd64_microsoft.windows.common-controls_6595b64144ccf1df_6.0.17713.1002_none_df21e13651b90d0a\COMCTL32.dll
0x00007ffa8c2a0000 - 0x00007ffa8c5ca000 	C:\WINDOWS\System32\combase.dll
0x00007ffa8bf80000 - 0x00007ffa8c001000 	C:\WINDOWS\System32\bcryptPrimitives.dll
0x00007ffa8cde0000 - 0x00007ffa8ce0e000 	C:\WINDOWS\System32\IMM32.DLL
0x000000005d690000 - 0x000000005d762000 	C:\Program Files\Android\Android Studio\jre\jre\bin\msvcr100.dll
0x000000005b830000 - 0x000000005c06f000 	C:\Program Files\Android\Android Studio\jre\jre\bin\server\jvm.dll
0x00007ffa88f20000 - 0x00007ffa88f43000 	C:\WINDOWS\SYSTEM32\WINMM.dll
0x00007ffa8ed40000 - 0x00007ffa8ed48000 	C:\WINDOWS\System32\PSAPI.DLL
0x00007ffa85920000 - 0x00007ffa8592a000 	C:\WINDOWS\SYSTEM32\VERSION.dll
0x00007ffa88ef0000 - 0x00007ffa88f1d000 	C:\WINDOWS\SYSTEM32\WINMMBASE.dll
0x00007ffa8c010000 - 0x00007ffa8c05a000 	C:\WINDOWS\System32\cfgmgr32.dll
0x00007ffa835d0000 - 0x00007ffa835d9000 	C:\WINDOWS\SYSTEM32\WSOCK32.dll
0x00007ffa8d090000 - 0x00007ffa8d0fa000 	C:\WINDOWS\System32\ws2_32.DLL
0x00007ffa81470000 - 0x00007ffa8147f000 	C:\Program Files\Android\Android Studio\jre\jre\bin\verify.dll
0x00007ffa6a5f0000 - 0x00007ffa6a619000 	C:\Program Files\Android\Android Studio\jre\jre\bin\java.dll
0x00007ffa80fe0000 - 0x00007ffa80ff6000 	C:\Program Files\Android\Android Studio\jre\jre\bin\zip.dll
0x00007ffa8d590000 - 0x00007ffa8ea37000 	C:\WINDOWS\System32\SHELL32.dll
0x00007ffa8ec90000 - 0x00007ffa8ed39000 	C:\WINDOWS\System32\shcore.dll
0x00007ffa8b0d0000 - 0x00007ffa8b7f7000 	C:\WINDOWS\System32\windows.storage.dll
0x00007ffa8afd0000 - 0x00007ffa8aff3000 	C:\WINDOWS\System32\profapi.dll
0x00007ffa8af50000 - 0x00007ffa8afad000 	C:\WINDOWS\System32\powrprof.dll
0x00007ffa8ec30000 - 0x00007ffa8ec82000 	C:\WINDOWS\System32\shlwapi.dll
0x00007ffa8afb0000 - 0x00007ffa8afc1000 	C:\WINDOWS\System32\kernel.appcore.dll
0x00007ffa8bc80000 - 0x00007ffa8bc97000 	C:\WINDOWS\System32\cryptsp.dll
0x00007ffa6bb20000 - 0x00007ffa6bb3a000 	C:\Program Files\Android\Android Studio\jre\jre\bin\net.dll
0x00007ffa8a810000 - 0x00007ffa8a876000 	C:\WINDOWS\system32\mswsock.dll
0x00007ffa67e60000 - 0x00007ffa67e71000 	C:\Program Files\Android\Android Studio\jre\jre\bin\nio.dll
0x00007ffa85b00000 - 0x00007ffa85b1e000 	C:\Users\Tony\.gradle\native\25\windows-amd64\native-platform.dll
0x00007ffa6d260000 - 0x00007ffa6d26d000 	C:\Program Files\Android\Android Studio\jre\jre\bin\management.dll
0x00007ffa8a3e0000 - 0x00007ffa8a414000 	C:\WINDOWS\system32\rsaenh.dll
0x00007ffa8bc50000 - 0x00007ffa8bc75000 	C:\WINDOWS\System32\bcrypt.dll
0x00007ffa8ae80000 - 0x00007ffa8aea8000 	C:\WINDOWS\SYSTEM32\USERENV.dll
0x00007ffa8a9d0000 - 0x00007ffa8a9dc000 	C:\WINDOWS\SYSTEM32\CRYPTBASE.dll
0x00007ffa8a580000 - 0x00007ffa8a5bd000 	C:\WINDOWS\SYSTEM32\IPHLPAPI.DLL
0x00007ffa8cb70000 - 0x00007ffa8cb78000 	C:\WINDOWS\System32\NSI.dll
0x00007ffa8a5c0000 - 0x00007ffa8a681000 	C:\WINDOWS\SYSTEM32\DNSAPI.dll
0x00007ffa83c70000 - 0x00007ffa83c86000 	C:\WINDOWS\SYSTEM32\dhcpcsvc6.DLL
0x00007ffa83b70000 - 0x00007ffa83b8b000 	C:\WINDOWS\SYSTEM32\dhcpcsvc.DLL

VM Arguments:
jvm_args: -XX:+HeapDumpOnOutOfMemoryError -Xmx1024m -Dfile.encoding=windows-1252 -Duser.country=US -Duser.language=en -Duser.variant 
java_command: org.gradle.launcher.daemon.bootstrap.GradleDaemon 4.10-rc-1
java_class_path (initial): C:\Users\Tony\.gradle\wrapper\dists\gradle-4.10-rc-1-all\1h5c6w3hcz6v7l74ekmekhb45\gradle-4.10-rc-1\lib\gradle-launcher-4.10.jar
Launcher Type: SUN_STANDARD

Environment Variables:
JAVA_HOME=C:\Program Files\Java\jdk1.8.0_181
USERNAME=SYSTEM
OS=Windows_NT
PROCESSOR_IDENTIFIER=AMD64 Family 21 Model 1 Stepping 2, AuthenticAMD



---------------  S Y S T E M  ---------------

OS: Windows 10.0 , 64 bit Build 17713 (10.0.17713.1000)

CPU:total 6 (initial active 6) (6 cores per cpu, 1 threads per core) family 21 model 1 stepping 2, cmov, cx8, fxsr, mmx, sse, sse2, sse3, ssse3, sse4.1, sse4.2, popcnt, avx, aes, clmul, mmxext, 3dnowpref, lzcnt, sse4a, tsc, tscinvbit, tscinv

Memory: 4k page, physical 8109168k(815788k free), swap 19241792k(9348k free)

vm_info: OpenJDK 64-Bit Server VM (25.152-b02) for windows-amd64 JRE (1.8.0_152-release-1024-b02), built by "builder" with MS VC++ 10.0 (VS2010)

time: Sun Aug 19 14:16:59 2018
elapsed time: 66 seconds (0d 0h 1m 6s)

