#
# There is insufficient memory for the Java Runtime Environment to continue.
# Native memory allocation (malloc) failed to allocate 226256 bytes for Chunk::new
# Possible reasons:
#   The system is out of physical RAM or swap space
#   In 32 bit mode, the process size limit was hit
# Possible solutions:
#   Reduce memory load on the system
#   Increase physical memory or swap space
#   Check if swap backing store is full
#   Use 64 bit Java on a 64 bit OS
#   Decrease Java heap size (-Xmx/-Xms)
#   Decrease number of Java threads
#   Decrease Java thread stack sizes (-Xss)
#   Set larger code cache with -XX:ReservedCodeCacheSize=
# This output file may be truncated or incomplete.
#
#  Out of Memory Error (allocation.cpp:328), pid=2776, tid=13008
#
# JRE version: 7.0_25-b17
# Java VM: Java HotSpot(TM) 64-Bit Server VM (23.25-b01 mixed mode windows-amd64 compressed oops)
# Failed to write core dump. Minidumps are not enabled by default on client versions of Windows
#

---------------  T H R E A D  ---------------

Current thread (0x0000000009845800):  JavaThread "C2 CompilerThread0" daemon [_thread_in_native, id=13008, stack(0x000000000b430000,0x000000000b530000)]

Stack: [0x000000000b430000,0x000000000b530000]

Current CompileTask:
C2:    313   20             sun.security.provider.SHA::implCompress (491 bytes)


---------------  P R O C E S S  ---------------

Java Threads: ( => current thread )
  0x0000000009852800 JavaThread "Service Thread" daemon [_thread_blocked, id=11848, stack(0x000000000b630000,0x000000000b730000)]
  0x000000000984b800 JavaThread "C2 CompilerThread1" daemon [_thread_blocked, id=10960, stack(0x000000000b530000,0x000000000b630000)]
=>0x0000000009845800 JavaThread "C2 CompilerThread0" daemon [_thread_in_native, id=13008, stack(0x000000000b430000,0x000000000b530000)]
  0x0000000009842800 JavaThread "Attach Listener" daemon [_thread_blocked, id=11416, stack(0x000000000b330000,0x000000000b430000)]
  0x0000000009841800 JavaThread "Signal Dispatcher" daemon [_thread_blocked, id=25552, stack(0x000000000b230000,0x000000000b330000)]
  0x00000000097dd800 JavaThread "Finalizer" daemon [_thread_blocked, id=1508, stack(0x000000000b130000,0x000000000b230000)]
  0x00000000097d5000 JavaThread "Reference Handler" daemon [_thread_blocked, id=4008, stack(0x000000000b030000,0x000000000b130000)]
  0x0000000003000800 JavaThread "main" [_thread_in_native, id=12956, stack(0x0000000002f00000,0x0000000003000000)]

Other Threads:
  0x00000000097cd800 VMThread [stack: 0x000000000af30000,0x000000000b030000] [id=19840]
  0x0000000009871800 WatcherThread [stack: 0x000000000b730000,0x000000000b830000] [id=14480]

VM state:not at safepoint (normal execution)

VM Mutex/Monitor currently owned by a thread: None

Heap
 PSYoungGen      total 36992K, used 7642K [0x00000000eaab0000, 0x00000000ed3f0000, 0x0000000100000000)
  eden space 31744K, 24% used [0x00000000eaab0000,0x00000000eb226b08,0x00000000ec9b0000)
  from space 5248K, 0% used [0x00000000eced0000,0x00000000eced0000,0x00000000ed3f0000)
  to   space 5248K, 0% used [0x00000000ec9b0000,0x00000000ec9b0000,0x00000000eced0000)
 ParOldGen       total 84480K, used 0K [0x00000000c0000000, 0x00000000c5280000, 0x00000000eaab0000)
  object space 84480K, 0% used [0x00000000c0000000,0x00000000c0000000,0x00000000c5280000)
 PSPermGen       total 21248K, used 4783K [0x00000000bae00000, 0x00000000bc2c0000, 0x00000000c0000000)
  object space 21248K, 22% used [0x00000000bae00000,0x00000000bb2abf40,0x00000000bc2c0000)

Card table byte_map: [0x00000000061c0000,0x00000000063f0000] byte_map_base: 0x0000000005be9000

Polling page: 0x0000000002e50000

Code Cache  [0x0000000003100000, 0x0000000003370000, 0x0000000006100000)
 total_blobs=243 nmethods=19 adapters=176 free_code_cache=48721Kb largest_free_block=49871168

Compilation events (10 events):
Event: 0.239 Thread 0x0000000009845800 nmethod 14 0x0000000003166990 code [0x0000000003166ac0, 0x0000000003166b38]
Event: 0.241 Thread 0x000000000984b800   15             com.android.dx.util.ByteArray::getUnsignedByte (14 bytes)
Event: 0.242 Thread 0x000000000984b800 nmethod 15 0x000000000316b450 code [0x000000000316b580, 0x000000000316b638]
Event: 0.242 Thread 0x0000000009845800   16             com.android.dx.rop.cst.CstString::utf8BytesToString (391 bytes)
Event: 0.243 Thread 0x000000000984b800   17             java.lang.String::startsWith (72 bytes)
Event: 0.246 Thread 0x000000000984b800 nmethod 17 0x00000000031691d0 code [0x0000000003169320, 0x00000000031694b8]
Event: 0.250 Thread 0x0000000009845800 nmethod 16 0x00000000031682d0 code [0x00000000031684c0, 0x0000000003168a68]
Event: 0.288 Thread 0x000000000984b800   19             java.util.Properties$LineReader::readLine (452 bytes)
Event: 0.301 Thread 0x000000000984b800 nmethod 19 0x000000000316c310 code [0x000000000316c4a0, 0x000000000316cc78]
Event: 0.302 Thread 0x0000000009845800   20             sun.security.provider.SHA::implCompress (491 bytes)

GC Heap History (0 events):
No events

Deoptimization events (0 events):
No events

Internal exceptions (10 events):
Event: 0.304 Thread 0x0000000003000800 Threw 0x00000000eb166430 at C:\jdk7u2_64p\jdk7u25\hotspot\src\share\vm\prims\jvm.cpp:1235
Event: 0.307 Thread 0x0000000003000800 Threw 0x00000000eb172358 at C:\jdk7u2_64p\jdk7u25\hotspot\src\share\vm\prims\jvm.cpp:1235
Event: 0.308 Thread 0x0000000003000800 Threw 0x00000000eb177ee0 at C:\jdk7u2_64p\jdk7u25\hotspot\src\share\vm\prims\jvm.cpp:1235
Event: 0.309 Thread 0x0000000003000800 Threw 0x00000000eb17ad88 at C:\jdk7u2_64p\jdk7u25\hotspot\src\share\vm\prims\jvm.cpp:1235
Event: 0.309 Thread 0x0000000003000800 Threw 0x00000000eb17dd38 at C:\jdk7u2_64p\jdk7u25\hotspot\src\share\vm\prims\jvm.cpp:1235
Event: 0.310 Thread 0x0000000003000800 Threw 0x00000000eb180b08 at C:\jdk7u2_64p\jdk7u25\hotspot\src\share\vm\prims\jvm.cpp:1235
Event: 0.310 Thread 0x0000000003000800 Threw 0x00000000eb183810 at C:\jdk7u2_64p\jdk7u25\hotspot\src\share\vm\prims\jvm.cpp:1235
Event: 0.311 Thread 0x0000000003000800 Threw 0x00000000eb186398 at C:\jdk7u2_64p\jdk7u25\hotspot\src\share\vm\prims\jvm.cpp:1235
Event: 0.311 Thread 0x0000000003000800 Threw 0x00000000eb189118 at C:\jdk7u2_64p\jdk7u25\hotspot\src\share\vm\prims\jvm.cpp:1235
Event: 0.312 Thread 0x0000000003000800 Threw 0x00000000eb18be60 at C:\jdk7u2_64p\jdk7u25\hotspot\src\share\vm\prims\jvm.cpp:1235

Events (10 events):
Event: 0.310 loading class 0x000000000ba1a290
Event: 0.310 loading class 0x000000000ba1a290 done
Event: 0.310 loading class 0x000000000ba204c0
Event: 0.310 loading class 0x000000000ba204c0 done
Event: 0.311 loading class 0x000000000ba20700
Event: 0.311 loading class 0x000000000ba20700 done
Event: 0.311 loading class 0x000000000ba209c0
Event: 0.311 loading class 0x000000000ba209c0 done
Event: 0.312 loading class 0x000000000b9faaa0
Event: 0.312 loading class 0x000000000b9faaa0 done


Dynamic libraries:
0x00007ff792280000 - 0x00007ff7922b3000 	C:\Program Files\Java\jdk1.7.0_25\bin\java.exe
0x00007ffcf7fc0000 - 0x00007ffcf8193000 	C:\WINDOWS\SYSTEM32\ntdll.dll
0x00007ffcf7d50000 - 0x00007ffcf7dfd000 	C:\WINDOWS\System32\KERNEL32.DLL
0x00007ffcf4390000 - 0x00007ffcf45c6000 	C:\WINDOWS\System32\KERNELBASE.dll
0x00007ffcf5b50000 - 0x00007ffcf5bfa000 	C:\WINDOWS\System32\ADVAPI32.dll
0x00007ffcf7a10000 - 0x00007ffcf7ab8000 	C:\WINDOWS\System32\msvcrt.dll
0x00007ffcf79b0000 - 0x00007ffcf7a0c000 	C:\WINDOWS\System32\sechost.dll
0x00007ffcf5ce0000 - 0x00007ffcf5e11000 	C:\WINDOWS\System32\RPCRT4.dll
0x00007ffcf7ac0000 - 0x00007ffcf7c0c000 	C:\WINDOWS\System32\USER32.dll
0x00007ffcf5250000 - 0x00007ffcf526e000 	C:\WINDOWS\System32\win32u.dll
0x00007ffcf5990000 - 0x00007ffcf59b8000 	C:\WINDOWS\System32\GDI32.dll
0x00007ffcf50c0000 - 0x00007ffcf524d000 	C:\WINDOWS\System32\gdi32full.dll
0x00007ffceb0d0000 - 0x00007ffceb355000 	C:\WINDOWS\WinSxS\amd64_microsoft.windows.common-controls_6595b64144ccf1df_6.0.14986.1000_none_8b018ec7bd35a85b\COMCTL32.dll
0x00007ffcf76a0000 - 0x00007ffcf79a2000 	C:\WINDOWS\System32\combase.dll
0x00007ffcf52d0000 - 0x00007ffcf53e0000 	C:\WINDOWS\System32\ucrtbase.dll
0x00007ffcf53e0000 - 0x00007ffcf5449000 	C:\WINDOWS\System32\bcryptPrimitives.dll
0x00007ffcf5cb0000 - 0x00007ffcf5cdf000 	C:\WINDOWS\System32\IMM32.DLL
0x0000000073580000 - 0x0000000073651000 	C:\Program Files\Java\jdk1.7.0_25\jre\bin\msvcr100.dll
0x0000000073930000 - 0x000000007403f000 	C:\Program Files\Java\jdk1.7.0_25\jre\bin\server\jvm.dll
0x00007ffcf6060000 - 0x00007ffcf6068000 	C:\WINDOWS\System32\PSAPI.DLL
0x00007ffcef080000 - 0x00007ffcef08a000 	C:\WINDOWS\SYSTEM32\WSOCK32.dll
0x00007ffcf2010000 - 0x00007ffcf2035000 	C:\WINDOWS\SYSTEM32\WINMM.dll
0x00007ffcf5450000 - 0x00007ffcf54bf000 	C:\WINDOWS\System32\WS2_32.dll
0x00007ffcf1fb0000 - 0x00007ffcf1fdc000 	C:\WINDOWS\SYSTEM32\winmmbase.dll
0x00007ffcf5070000 - 0x00007ffcf50b5000 	C:\WINDOWS\System32\cfgmgr32.dll
0x00000000752c0000 - 0x00000000752cf000 	C:\Program Files\Java\jdk1.7.0_25\jre\bin\verify.dll
0x0000000074d80000 - 0x0000000074da8000 	C:\Program Files\Java\jdk1.7.0_25\jre\bin\java.dll
0x00000000752a0000 - 0x00000000752b5000 	C:\Program Files\Java\jdk1.7.0_25\jre\bin\zip.dll
0x0000000074d60000 - 0x0000000074d79000 	C:\Program Files\Java\jdk1.7.0_25\jre\bin\net.dll
0x00007ffcf3bf0000 - 0x00007ffcf3c4e000 	C:\WINDOWS\system32\mswsock.dll
0x0000000074d40000 - 0x0000000074d51000 	C:\Program Files\Java\jdk1.7.0_25\jre\bin\nio.dll

VM Arguments:
jvm_args: -Djava.awt.headless=true -Xmx1024M -Dfile.encoding=windows-1252 -Duser.country=US -Duser.language=en -Duser.variant 
java_command: com.android.dx.command.Main --dex --num-threads=4 --output C:\Users\Tony\Documents\Android\Projects\CameraAlert\app\build\intermediates\pre-dexed\debug\support-annotations-23.1.1_4365e28cf7d91eff88cfa44fcf82250cff111a0d.jar C:\Program Files (x86)\Android\android-studio8\sdk\extras\android\m2repository\com\android\support\support-annotations\23.1.1\support-annotations-23.1.1.jar
Launcher Type: SUN_STANDARD

Environment Variables:
JAVA_HOME=C:\Program Files\Java\jdk1.7.0_25
PATH=C:\ProgramData\Oracle\Java\javapath;C:\Program Files\WinRAR;C:\Users\Tony\AppData\Local\Google\Chrome\Application;C:\Perl64\site\bin;C:\Perl64\bin;C:\Program Files (x86)\NVIDIA Corporation\PhysX\Common;C:\Windows\system32;C:\Windows;C:\Windows\System32\Wbem;C:\Windows\System32\WindowsPowerShell\v1.0\;C:\Program Files (x86)\ATI Technologies\ATI.ACE\Core-Static;c:\Program Files (x86)\Microsoft SQL Server\100\Tools\Binn\;c:\Program Files\Microsoft SQL Server\100\Tools\Binn\;c:\Program Files\Microsoft SQL Server\100\DTS\Binn\;c:\Program Files (x86)\Microsoft ASP.NET\ASP.NET Web Pages\v1.0\;C:\Program Files\TortoiseSVN\bin;C:\Program Files (x86)\Microsoft SQL Server\100\Tools\Binn\VSShell\Common7\IDE\;C:\Program Files (x86)\Microsoft SQL Server\100\DTS\Binn\;C:\Program Files\Microsoft SQL Server\110\Tools\Binn\;C:\Program Files (x86)\Diffuse;C:\Program Files (x86)\GtkSharp\2.12\bin;C:\HashiCorp\Vagrant;C:\Program Files (x86)\Android\android-studio8\sdk\platform-tools;C:\Program Files\Microsoft\Web Platform Installer\;C:\Program Files (x86)\Microsoft SDKs\Azure\CLI\wbin;C:\WINDOWS\System32\WindowsPowerShell\v1.0\;C:\Program Files (x86)\Git\cmd;C:\Users\Tony\AppData\Roaming\nvm;C:\Program Files\nodejs;C:\WINDOWS\system32;C:\WINDOWS;C:\WINDOWS\System32\Wbem;C:\Program Files (x86)\Windows Kits\8.1\Windows Performance Toolkit\;C:\Users\Tony\AppData\Local\Microsoft\WindowsApps;C:\ProgramData\chocolatey\bin;C:\WINDOWS\system32;C:\WINDOWS;C:\WINDOWS\System32\Wbem;C:\WINDOWS\System32\WindowsPowerShell\v1.0\;C:\Program Files\OpenVPN\bin;C:\Python27;C:\Program Files\MongoDB 2.6 Standard\bin;C:\Program Files (x86)\CMake\bin;C:\Users\Tony\Documents\Android\ndk\android-ndk-r9d;C:\Users\Tony\AppData\Local\atom\bin;C:\Program Files (x86)\Microsoft VS Code\bin;C:\Users\Tony\AppData\Roaming\npm;C:\Users\Tony\AppData\Roaming\nvm;C:\Program Files\nodejs;C:\Users\Tony\AppData\Local\Microsoft\WindowsApps;
USERNAME=Tony
OS=Windows_NT
PROCESSOR_IDENTIFIER=AMD64 Family 21 Model 1 Stepping 2, AuthenticAMD



---------------  S Y S T E M  ---------------

OS: Windows 8 , 64 bit Build 9200 

CPU:total 6 (6 cores per cpu, 1 threads per core) family 21 model 1 stepping 2, cmov, cx8, fxsr, mmx, sse, sse2, sse3, ssse3, sse4.1, sse4.2, popcnt, avx, mmxext, 3dnowpref, lzcnt, sse4a, tsc, tscinvbit, tscinv

Memory: 4k page, physical 8109136k(451580k free), swap 33274960k(3552k free)

vm_info: Java HotSpot(TM) 64-Bit Server VM (23.25-b01) for windows-amd64 JRE (1.7.0_25-b17), built on Jun 21 2013 12:58:32 by "java_re" with unknown MS VC++:1600

time: Sat Feb 04 14:58:44 2017
elapsed time: 0 seconds

