#
# There is insufficient memory for the Java Runtime Environment to continue.
# Native memory allocation (malloc) failed to allocate 593536 bytes for Chunk::new
# Possible reasons:
#   The system is out of physical RAM or swap space
#   In 32 bit mode, the process size limit was hit
# Possible solutions:
#   Reduce memory load on the system
#   Increase physical memory or swap space
#   Check if swap backing store is full
#   Use 64 bit Java on a 64 bit OS
#   Decrease Java heap size (-Xmx/-Xms)
#   Decrease number of Java threads
#   Decrease Java thread stack sizes (-Xss)
#   Set larger code cache with -XX:ReservedCodeCacheSize=
# This output file may be truncated or incomplete.
#
#  Out of Memory Error (allocation.cpp:328), pid=12512, tid=17724
#
# JRE version: 7.0_25-b17
# Java VM: Java HotSpot(TM) 64-Bit Server VM (23.25-b01 mixed mode windows-amd64 compressed oops)
# Failed to write core dump. Minidumps are not enabled by default on client versions of Windows
#

---------------  T H R E A D  ---------------

Current thread (0x0000000009606000):  JavaThread "C2 CompilerThread0" daemon [_thread_in_native, id=17724, stack(0x000000000b1d0000,0x000000000b2d0000)]

Stack: [0x000000000b1d0000,0x000000000b2d0000]

Current CompileTask:
C2:   1125  200             com.android.dx.ssa.Dominators::run (506 bytes)


---------------  P R O C E S S  ---------------

Java Threads: ( => current thread )
  0x000000000b85b000 JavaThread "pool-1-thread-4" [_thread_in_Java, id=18960, stack(0x000000000bdd0000,0x000000000bed0000)]
  0x000000000b85a000 JavaThread "pool-1-thread-3" [_thread_blocked, id=14380, stack(0x000000000bcd0000,0x000000000bdd0000)]
  0x000000000b859800 JavaThread "pool-1-thread-2" [_thread_blocked, id=21188, stack(0x000000000bbd0000,0x000000000bcd0000)]
  0x000000000b858800 JavaThread "pool-2-thread-1" [_thread_blocked, id=25364, stack(0x000000000bad0000,0x000000000bbd0000)]
  0x000000000b812000 JavaThread "pool-1-thread-1" [_thread_in_vm, id=18124, stack(0x000000000b9d0000,0x000000000bad0000)]
  0x0000000009611800 JavaThread "Service Thread" daemon [_thread_blocked, id=12104, stack(0x000000000b3d0000,0x000000000b4d0000)]
  0x000000000960f000 JavaThread "C2 CompilerThread1" daemon [_thread_in_native, id=20392, stack(0x000000000b2d0000,0x000000000b3d0000)]
=>0x0000000009606000 JavaThread "C2 CompilerThread0" daemon [_thread_in_native, id=17724, stack(0x000000000b1d0000,0x000000000b2d0000)]
  0x0000000009603000 JavaThread "Attach Listener" daemon [_thread_blocked, id=23980, stack(0x000000000b0d0000,0x000000000b1d0000)]
  0x0000000009602800 JavaThread "Signal Dispatcher" daemon [_thread_blocked, id=2572, stack(0x000000000afd0000,0x000000000b0d0000)]
  0x0000000009599000 JavaThread "Finalizer" daemon [_thread_blocked, id=19240, stack(0x000000000aed0000,0x000000000afd0000)]
  0x0000000009596000 JavaThread "Reference Handler" daemon [_thread_blocked, id=26540, stack(0x000000000add0000,0x000000000aed0000)]
  0x0000000002df0800 JavaThread "main" [_thread_in_Java, id=20452, stack(0x0000000002c40000,0x0000000002d40000)]

Other Threads:
  0x000000000958e800 VMThread [stack: 0x000000000acd0000,0x000000000add0000] [id=1856]
  0x0000000009630800 WatcherThread [stack: 0x000000000b4d0000,0x000000000b5d0000] [id=24044]

VM state:not at safepoint (normal execution)

VM Mutex/Monitor currently owned by a thread: None

Heap
 PSYoungGen      total 36992K, used 9669K [0x00000000eaab0000, 0x00000000ef2f0000, 0x0000000100000000)
  eden space 31744K, 13% used [0x00000000eaab0000,0x00000000eaf04a90,0x00000000ec9b0000)
  from space 5248K, 99% used [0x00000000ec9b0000,0x00000000ececcbd8,0x00000000eced0000)
  to   space 5248K, 0% used [0x00000000eedd0000,0x00000000eedd0000,0x00000000ef2f0000)
 ParOldGen       total 84480K, used 420K [0x00000000c0000000, 0x00000000c5280000, 0x00000000eaab0000)
  object space 84480K, 0% used [0x00000000c0000000,0x00000000c0069388,0x00000000c5280000)
 PSPermGen       total 21248K, used 5934K [0x00000000bae00000, 0x00000000bc2c0000, 0x00000000c0000000)
  object space 21248K, 27% used [0x00000000bae00000,0x00000000bb3cb980,0x00000000bc2c0000)

Card table byte_map: [0x0000000005fb0000,0x00000000061e0000] byte_map_base: 0x00000000059d9000

Polling page: 0x0000000001450000

Code Cache  [0x0000000002ef0000, 0x0000000003160000, 0x0000000005ef0000)
 total_blobs=435 nmethods=198 adapters=186 free_code_cache=48386Kb largest_free_block=49529664

Compilation events (10 events):
Event: 1.102 Thread 0x0000000009606000 nmethod 195 0x0000000002f76590 code [0x0000000002f766e0, 0x0000000002f768b8]
Event: 1.102 Thread 0x0000000009606000  196             com.android.dx.rop.code.RegisterSpecSet::localItemToSpec (49 bytes)
Event: 1.108 Thread 0x0000000009606000 nmethod 196 0x0000000002f75bd0 code [0x0000000002f75d20, 0x0000000002f760d8]
Event: 1.108 Thread 0x0000000009606000  197             com.android.dx.util.FixedSizeList::getOrNull0 (7 bytes)
Event: 1.108 Thread 0x0000000009606000 nmethod 197 0x0000000002f9b610 code [0x0000000002f9b740, 0x0000000002f9b7d8]
Event: 1.108 Thread 0x0000000009606000  198             com.android.dx.rop.code.BasicBlock::getPrimarySuccessor (5 bytes)
Event: 1.109 Thread 0x0000000009606000 nmethod 198 0x0000000002f9f550 code [0x0000000002f9f680, 0x0000000002f9f6d8]
Event: 1.109 Thread 0x0000000009606000  199   !         com.android.dx.rop.cst.StdConstantPool::getOrNull (13 bytes)
Event: 1.109 Thread 0x0000000009606000 nmethod 199 0x0000000002f9c3d0 code [0x0000000002f9c500, 0x0000000002f9c598]
Event: 1.109 Thread 0x0000000009606000  200             com.android.dx.ssa.Dominators::run (506 bytes)

GC Heap History (2 events):
Event: 1.038 GC heap before
{Heap before GC invocations=1 (full 0):
 PSYoungGen      total 36992K, used 31744K [0x00000000eaab0000, 0x00000000ed3f0000, 0x0000000100000000)
  eden space 31744K, 100% used [0x00000000eaab0000,0x00000000ec9b0000,0x00000000ec9b0000)
  from space 5248K, 0% used [0x00000000eced0000,0x00000000eced0000,0x00000000ed3f0000)
  to   space 5248K, 0% used [0x00000000ec9b0000,0x00000000ec9b0000,0x00000000eced0000)
 ParOldGen       total 84480K, used 0K [0x00000000c0000000, 0x00000000c5280000, 0x00000000eaab0000)
  object space 84480K, 0% used [0x00000000c0000000,0x00000000c0000000,0x00000000c5280000)
 PSPermGen       total 21248K, used 5902K [0x00000000bae00000, 0x00000000bc2c0000, 0x00000000c0000000)
  object space 21248K, 27% used [0x00000000bae00000,0x00000000bb3c3828,0x00000000bc2c0000)
Event: 1.066 GC heap after
Heap after GC invocations=1 (full 0):
 PSYoungGen      total 36992K, used 5234K [0x00000000eaab0000, 0x00000000ef2f0000, 0x0000000100000000)
  eden space 31744K, 0% used [0x00000000eaab0000,0x00000000eaab0000,0x00000000ec9b0000)
  from space 5248K, 99% used [0x00000000ec9b0000,0x00000000ececcbd8,0x00000000eced0000)
  to   space 5248K, 0% used [0x00000000eedd0000,0x00000000eedd0000,0x00000000ef2f0000)
 ParOldGen       total 84480K, used 420K [0x00000000c0000000, 0x00000000c5280000, 0x00000000eaab0000)
  object space 84480K, 0% used [0x00000000c0000000,0x00000000c0069388,0x00000000c5280000)
 PSPermGen       total 21248K, used 5902K [0x00000000bae00000, 0x00000000bc2c0000, 0x00000000c0000000)
  object space 21248K, 27% used [0x00000000bae00000,0x00000000bb3c3828,0x00000000bc2c0000)
}

Deoptimization events (6 events):
Event: 0.648 Thread 0x000000000b812000 Uncommon trap -34 fr.pc 0x0000000002f6a3ac
Event: 0.676 Thread 0x000000000b812000 Uncommon trap -34 fr.pc 0x0000000002f6a3ac
Event: 0.712 Thread 0x000000000b812000 Uncommon trap -34 fr.pc 0x0000000002f6a3ac
Event: 0.744 Thread 0x000000000b85a000 Uncommon trap -12 fr.pc 0x0000000002f710e8
Event: 0.762 Thread 0x000000000b85b000 Uncommon trap -34 fr.pc 0x0000000002f6a3ac
Event: 0.783 Thread 0x000000000b85a000 Uncommon trap -83 fr.pc 0x0000000002f6fec4

Internal exceptions (10 events):
Event: 0.558 Thread 0x000000000b85b000 Threw 0x00000000eb677fc8 at C:\jdk7u2_64p\jdk7u25\hotspot\src\share\vm\prims\jvm.cpp:1235
Event: 0.559 Thread 0x000000000b85b000 Threw 0x00000000eb9e7d68 at C:\jdk7u2_64p\jdk7u25\hotspot\src\share\vm\prims\jvm.cpp:1235
Event: 0.560 Thread 0x000000000b812000 Threw 0x00000000eb870a00 at C:\jdk7u2_64p\jdk7u25\hotspot\src\share\vm\prims\jvm.cpp:1235
Event: 0.568 Thread 0x000000000b85a000 Threw 0x00000000eb51aa00 at C:\jdk7u2_64p\jdk7u25\hotspot\src\share\vm\prims\jvm.cpp:1235
Event: 0.574 Thread 0x000000000b85a000 Threw 0x00000000eb523610 at C:\jdk7u2_64p\jdk7u25\hotspot\src\share\vm\prims\jvm.cpp:1235
Event: 0.575 Thread 0x000000000b85b000 Threw 0x00000000eba03c60 at C:\jdk7u2_64p\jdk7u25\hotspot\src\share\vm\prims\jvm.cpp:1235
Event: 0.618 Thread 0x0000000002df0800 Threw 0x00000000ebbd3c58 at C:\jdk7u2_64p\jdk7u25\hotspot\src\share\vm\prims\jvm.cpp:1235
Event: 0.620 Thread 0x000000000b812000 Threw 0x00000000eb8fb758 at C:\jdk7u2_64p\jdk7u25\hotspot\src\share\vm\prims\jvm.cpp:1235
Event: 0.683 Thread 0x000000000b85a000 Threw 0x00000000ebd3b290 at C:\jdk7u2_64p\jdk7u25\hotspot\src\share\vm\prims\jvm.cpp:1235
Event: 0.744 Thread 0x000000000b85a000 Implicit null exception at 0x0000000002f70d6f to 0x0000000002f710d5

Events (10 events):
Event: 0.764 loading class 0x00000000095a5a30
Event: 0.765 loading class 0x00000000095a5a30 done
Event: 0.783 Thread 0x000000000b85a000 DEOPT PACKING pc=0x0000000002f6fec4 sp=0x000000000bdcea50
Event: 0.784 Thread 0x000000000b85a000 DEOPT UNPACKING pc=0x0000000002f29164 sp=0x000000000bdce9f0 mode 2
Event: 0.828 loading class 0x0000000009641330
Event: 0.828 loading class 0x0000000009641330 done
Event: 0.828 loading class 0x0000000009664140
Event: 0.828 loading class 0x0000000009664140 done
Event: 1.037 Executing VM operation: ParallelGCFailedAllocation
Event: 1.066 Executing VM operation: ParallelGCFailedAllocation done


Dynamic libraries:
0x00007ff792280000 - 0x00007ff7922b3000 	C:\Program Files\Java\jdk1.7.0_25\bin\java.exe
0x00007ffcf7fc0000 - 0x00007ffcf8193000 	C:\WINDOWS\SYSTEM32\ntdll.dll
0x00007ffcf7d50000 - 0x00007ffcf7dfd000 	C:\WINDOWS\System32\KERNEL32.DLL
0x00007ffcf4390000 - 0x00007ffcf45c6000 	C:\WINDOWS\System32\KERNELBASE.dll
0x00007ffcf5b50000 - 0x00007ffcf5bfa000 	C:\WINDOWS\System32\ADVAPI32.dll
0x00007ffcf7a10000 - 0x00007ffcf7ab8000 	C:\WINDOWS\System32\msvcrt.dll
0x00007ffcf79b0000 - 0x00007ffcf7a0c000 	C:\WINDOWS\System32\sechost.dll
0x00007ffcf5ce0000 - 0x00007ffcf5e11000 	C:\WINDOWS\System32\RPCRT4.dll
0x00007ffcf7ac0000 - 0x00007ffcf7c0c000 	C:\WINDOWS\System32\USER32.dll
0x00007ffcf5250000 - 0x00007ffcf526e000 	C:\WINDOWS\System32\win32u.dll
0x00007ffcf5990000 - 0x00007ffcf59b8000 	C:\WINDOWS\System32\GDI32.dll
0x00007ffcf50c0000 - 0x00007ffcf524d000 	C:\WINDOWS\System32\gdi32full.dll
0x00007ffceb0d0000 - 0x00007ffceb355000 	C:\WINDOWS\WinSxS\amd64_microsoft.windows.common-controls_6595b64144ccf1df_6.0.14986.1000_none_8b018ec7bd35a85b\COMCTL32.dll
0x00007ffcf76a0000 - 0x00007ffcf79a2000 	C:\WINDOWS\System32\combase.dll
0x00007ffcf52d0000 - 0x00007ffcf53e0000 	C:\WINDOWS\System32\ucrtbase.dll
0x00007ffcf53e0000 - 0x00007ffcf5449000 	C:\WINDOWS\System32\bcryptPrimitives.dll
0x00007ffcf5cb0000 - 0x00007ffcf5cdf000 	C:\WINDOWS\System32\IMM32.DLL
0x0000000073580000 - 0x0000000073651000 	C:\Program Files\Java\jdk1.7.0_25\jre\bin\msvcr100.dll
0x0000000073930000 - 0x000000007403f000 	C:\Program Files\Java\jdk1.7.0_25\jre\bin\server\jvm.dll
0x00007ffcf6060000 - 0x00007ffcf6068000 	C:\WINDOWS\System32\PSAPI.DLL
0x00007ffcef080000 - 0x00007ffcef08a000 	C:\WINDOWS\SYSTEM32\WSOCK32.dll
0x00007ffcf5450000 - 0x00007ffcf54bf000 	C:\WINDOWS\System32\WS2_32.dll
0x00007ffcf2010000 - 0x00007ffcf2035000 	C:\WINDOWS\SYSTEM32\WINMM.dll
0x00007ffcf1fb0000 - 0x00007ffcf1fdc000 	C:\WINDOWS\SYSTEM32\WINMMBASE.dll
0x00007ffcf5070000 - 0x00007ffcf50b5000 	C:\WINDOWS\System32\cfgmgr32.dll
0x00000000752c0000 - 0x00000000752cf000 	C:\Program Files\Java\jdk1.7.0_25\jre\bin\verify.dll
0x0000000074d80000 - 0x0000000074da8000 	C:\Program Files\Java\jdk1.7.0_25\jre\bin\java.dll
0x00000000752a0000 - 0x00000000752b5000 	C:\Program Files\Java\jdk1.7.0_25\jre\bin\zip.dll
0x0000000074d60000 - 0x0000000074d79000 	C:\Program Files\Java\jdk1.7.0_25\jre\bin\net.dll
0x00007ffcf3bf0000 - 0x00007ffcf3c4e000 	C:\WINDOWS\system32\mswsock.dll
0x0000000074d40000 - 0x0000000074d51000 	C:\Program Files\Java\jdk1.7.0_25\jre\bin\nio.dll

VM Arguments:
jvm_args: -Djava.awt.headless=true -Xmx1024M -Dfile.encoding=windows-1252 -Duser.country=US -Duser.language=en -Duser.variant 
java_command: com.android.dx.command.Main --dex --num-threads=4 --output C:\Users\Tony\Documents\Android\Projects\CameraAlert\app\build\intermediates\pre-dexed\debug\internal_impl-23.1.1_374595d9e1379b407220343d4f148cc2292b3c0c.jar C:\Users\Tony\Documents\Android\Projects\CameraAlert\app\build\intermediates\exploded-aar\com.android.support\support-v4\23.1.1\jars\libs\internal_impl-23.1.1.jar
Launcher Type: SUN_STANDARD

Environment Variables:
JAVA_HOME=C:\Program Files\Java\jdk1.7.0_25
PATH=C:\ProgramData\Oracle\Java\javapath;C:\Program Files\WinRAR;C:\Users\Tony\AppData\Local\Google\Chrome\Application;C:\Perl64\site\bin;C:\Perl64\bin;C:\Program Files (x86)\NVIDIA Corporation\PhysX\Common;C:\Windows\system32;C:\Windows;C:\Windows\System32\Wbem;C:\Windows\System32\WindowsPowerShell\v1.0\;C:\Program Files (x86)\ATI Technologies\ATI.ACE\Core-Static;c:\Program Files (x86)\Microsoft SQL Server\100\Tools\Binn\;c:\Program Files\Microsoft SQL Server\100\Tools\Binn\;c:\Program Files\Microsoft SQL Server\100\DTS\Binn\;c:\Program Files (x86)\Microsoft ASP.NET\ASP.NET Web Pages\v1.0\;C:\Program Files\TortoiseSVN\bin;C:\Program Files (x86)\Microsoft SQL Server\100\Tools\Binn\VSShell\Common7\IDE\;C:\Program Files (x86)\Microsoft SQL Server\100\DTS\Binn\;C:\Program Files\Microsoft SQL Server\110\Tools\Binn\;C:\Program Files (x86)\Diffuse;C:\Program Files (x86)\GtkSharp\2.12\bin;C:\HashiCorp\Vagrant;C:\Program Files (x86)\Android\android-studio8\sdk\platform-tools;C:\Program Files\Microsoft\Web Platform Installer\;C:\Program Files (x86)\Microsoft SDKs\Azure\CLI\wbin;C:\WINDOWS\System32\WindowsPowerShell\v1.0\;C:\Program Files (x86)\Git\cmd;C:\Users\Tony\AppData\Roaming\nvm;C:\Program Files\nodejs;C:\WINDOWS\system32;C:\WINDOWS;C:\WINDOWS\System32\Wbem;C:\Program Files (x86)\Windows Kits\8.1\Windows Performance Toolkit\;C:\Users\Tony\AppData\Local\Microsoft\WindowsApps;C:\ProgramData\chocolatey\bin;C:\WINDOWS\system32;C:\WINDOWS;C:\WINDOWS\System32\Wbem;C:\WINDOWS\System32\WindowsPowerShell\v1.0\;C:\Program Files\OpenVPN\bin;C:\Python27;C:\Program Files\MongoDB 2.6 Standard\bin;C:\Program Files (x86)\CMake\bin;C:\Users\Tony\Documents\Android\ndk\android-ndk-r9d;C:\Users\Tony\AppData\Local\atom\bin;C:\Program Files (x86)\Microsoft VS Code\bin;C:\Users\Tony\AppData\Roaming\npm;C:\Users\Tony\AppData\Roaming\nvm;C:\Program Files\nodejs;C:\Users\Tony\AppData\Local\Microsoft\WindowsApps;
USERNAME=Tony
OS=Windows_NT
PROCESSOR_IDENTIFIER=AMD64 Family 21 Model 1 Stepping 2, AuthenticAMD



---------------  S Y S T E M  ---------------

OS: Windows 8 , 64 bit Build 9200 

CPU:total 6 (6 cores per cpu, 1 threads per core) family 21 model 1 stepping 2, cmov, cx8, fxsr, mmx, sse, sse2, sse3, ssse3, sse4.1, sse4.2, popcnt, avx, mmxext, 3dnowpref, lzcnt, sse4a, tsc, tscinvbit, tscinv

Memory: 4k page, physical 8109136k(634404k free), swap 33274960k(6280k free)

vm_info: Java HotSpot(TM) 64-Bit Server VM (23.25-b01) for windows-amd64 JRE (1.7.0_25-b17), built on Jun 21 2013 12:58:32 by "java_re" with unknown MS VC++:1600

time: Sat Feb 04 14:59:39 2017
elapsed time: 1 seconds

