#
# There is insufficient memory for the Java Runtime Environment to continue.
# Native memory allocation (malloc) failed to allocate 1159408 bytes for Chunk::new
# Possible reasons:
#   The system is out of physical RAM or swap space
#   In 32 bit mode, the process size limit was hit
# Possible solutions:
#   Reduce memory load on the system
#   Increase physical memory or swap space
#   Check if swap backing store is full
#   Use 64 bit Java on a 64 bit OS
#   Decrease Java heap size (-Xmx/-Xms)
#   Decrease number of Java threads
#   Decrease Java thread stack sizes (-Xss)
#   Set larger code cache with -XX:ReservedCodeCacheSize=
# This output file may be truncated or incomplete.
#
#  Out of Memory Error (allocation.cpp:328), pid=26592, tid=5440
#
# JRE version: 7.0_25-b17
# Java VM: Java HotSpot(TM) 64-Bit Server VM (23.25-b01 mixed mode windows-amd64 compressed oops)
# Failed to write core dump. Minidumps are not enabled by default on client versions of Windows
#

---------------  T H R E A D  ---------------

Current thread (0x0000000008f56000):  JavaThread "C2 CompilerThread0" daemon [_thread_in_native, id=5440, stack(0x000000000ab40000,0x000000000ac40000)]

Stack: [0x000000000ab40000,0x000000000ac40000]

Current CompileTask:
C2:   4816  549   !         com.android.dx.cf.code.Ropper::processBlock (1101 bytes)


---------------  P R O C E S S  ---------------

Java Threads: ( => current thread )
  0x0000000008f66800 JavaThread "Service Thread" daemon [_thread_blocked, id=1328, stack(0x000000000ad40000,0x000000000ae40000)]
  0x0000000008f5b800 JavaThread "C2 CompilerThread1" daemon [_thread_in_native, id=13376, stack(0x000000000ac40000,0x000000000ad40000)]
=>0x0000000008f56000 JavaThread "C2 CompilerThread0" daemon [_thread_in_native, id=5440, stack(0x000000000ab40000,0x000000000ac40000)]
  0x0000000008f52800 JavaThread "Attach Listener" daemon [_thread_blocked, id=20656, stack(0x000000000aa40000,0x000000000ab40000)]
  0x0000000008f52000 JavaThread "Signal Dispatcher" daemon [_thread_blocked, id=27272, stack(0x000000000a940000,0x000000000aa40000)]
  0x0000000008ee8000 JavaThread "Finalizer" daemon [_thread_blocked, id=18604, stack(0x000000000a840000,0x000000000a940000)]
  0x0000000008ee5000 JavaThread "Reference Handler" daemon [_thread_blocked, id=21884, stack(0x000000000a740000,0x000000000a840000)]
  0x00000000026e2800 JavaThread "main" [_thread_in_Java, id=22132, stack(0x0000000000eb0000,0x0000000000fb0000)]

Other Threads:
  0x0000000008edd800 VMThread [stack: 0x000000000a640000,0x000000000a740000] [id=12508]
  0x0000000008f73800 WatcherThread [stack: 0x000000000ae40000,0x000000000af40000] [id=24744]

VM state:not at safepoint (normal execution)

VM Mutex/Monitor currently owned by a thread: None

Heap
 PSYoungGen      total 68736K, used 29759K [0x00000000eaab0000, 0x00000000ef2f0000, 0x0000000100000000)
  eden space 63488K, 38% used [0x00000000eaab0000,0x00000000ec2a6128,0x00000000ee8b0000)
  from space 5248K, 99% used [0x00000000ee8b0000,0x00000000eedc9d60,0x00000000eedd0000)
  to   space 5248K, 0% used [0x00000000eedd0000,0x00000000eedd0000,0x00000000ef2f0000)
 ParOldGen       total 84480K, used 44611K [0x00000000c0000000, 0x00000000c5280000, 0x00000000eaab0000)
  object space 84480K, 52% used [0x00000000c0000000,0x00000000c2b90f10,0x00000000c5280000)
 PSPermGen       total 21248K, used 6271K [0x00000000bae00000, 0x00000000bc2c0000, 0x00000000c0000000)
  object space 21248K, 29% used [0x00000000bae00000,0x00000000bb41fc50,0x00000000bc2c0000)

Card table byte_map: [0x00000000058d0000,0x0000000005b00000] byte_map_base: 0x00000000052f9000

Polling page: 0x0000000000a30000

Code Cache  [0x00000000028d0000, 0x0000000002b40000, 0x00000000058d0000)
 total_blobs=838 nmethods=603 adapters=186 free_code_cache=46874Kb largest_free_block=47960640

Compilation events (10 events):
Event: 4.748 Thread 0x0000000008f5b800 nmethod 606 0x0000000002b0e690 code [0x0000000002b0e7e0, 0x0000000002b0e918]
Event: 4.748 Thread 0x0000000008f5b800  607             com.android.dx.rop.code.Rop::<init> (137 bytes)
Event: 4.749 Thread 0x0000000008f5b800 nmethod 607 0x0000000002b0e150 code [0x0000000002b0e2a0, 0x0000000002b0e438]
Event: 4.749 Thread 0x0000000008f5b800  608             com.android.dx.cf.code.BaseMachine::auxIntArg (6 bytes)
Event: 4.749 Thread 0x0000000008f5b800 nmethod 608 0x0000000002b0fa50 code [0x0000000002b0fb80, 0x0000000002b0fbd8]
Event: 4.749 Thread 0x0000000008f5b800  609             com.android.dx.rop.cst.CstMemberRef::getDefiningClass (5 bytes)
Event: 4.750 Thread 0x0000000008f5b800 nmethod 609 0x0000000002b09610 code [0x0000000002b09740, 0x0000000002b09798]
Event: 4.750 Thread 0x0000000008f5b800  610             com.android.dx.cf.code.BaseMachine::auxCstArg (20 bytes)
Event: 4.750 Thread 0x0000000008f5b800 nmethod 610 0x0000000002b093d0 code [0x0000000002b09500, 0x0000000002b09578]
Event: 4.750 Thread 0x0000000008f5b800  611             com.android.dx.cf.code.Simulator$SimVisitor::visitConstant (332 bytes)

GC Heap History (10 events):
Event: 1.770 GC heap before
{Heap before GC invocations=3 (full 0):
 PSYoungGen      total 36992K, used 36983K [0x00000000eaab0000, 0x00000000ef2f0000, 0x0000000100000000)
  eden space 31744K, 100% used [0x00000000eaab0000,0x00000000ec9b0000,0x00000000ec9b0000)
  from space 5248K, 99% used [0x00000000eced0000,0x00000000ed3edc88,0x00000000ed3f0000)
  to   space 5248K, 0% used [0x00000000ec9b0000,0x00000000ec9b0000,0x00000000eced0000)
 ParOldGen       total 84480K, used 2353K [0x00000000c0000000, 0x00000000c5280000, 0x00000000eaab0000)
  object space 84480K, 2% used [0x00000000c0000000,0x00000000c024c4b0,0x00000000c5280000)
 PSPermGen       total 21248K, used 6066K [0x00000000bae00000, 0x00000000bc2c0000, 0x00000000c0000000)
  object space 21248K, 28% used [0x00000000bae00000,0x00000000bb3ec838,0x00000000bc2c0000)
Event: 1.792 GC heap after
Heap after GC invocations=3 (full 0):
 PSYoungGen      total 36992K, used 5235K [0x00000000eaab0000, 0x00000000ef2f0000, 0x0000000100000000)
  eden space 31744K, 0% used [0x00000000eaab0000,0x00000000eaab0000,0x00000000ec9b0000)
  from space 5248K, 99% used [0x00000000ec9b0000,0x00000000ececcef0,0x00000000eced0000)
  to   space 5248K, 0% used [0x00000000eedd0000,0x00000000eedd0000,0x00000000ef2f0000)
 ParOldGen       total 84480K, used 7511K [0x00000000c0000000, 0x00000000c5280000, 0x00000000eaab0000)
  object space 84480K, 8% used [0x00000000c0000000,0x00000000c0755d68,0x00000000c5280000)
 PSPermGen       total 21248K, used 6066K [0x00000000bae00000, 0x00000000bc2c0000, 0x00000000c0000000)
  object space 21248K, 28% used [0x00000000bae00000,0x00000000bb3ec838,0x00000000bc2c0000)
}
Event: 2.135 GC heap before
{Heap before GC invocations=4 (full 0):
 PSYoungGen      total 36992K, used 36979K [0x00000000eaab0000, 0x00000000ef2f0000, 0x0000000100000000)
  eden space 31744K, 100% used [0x00000000eaab0000,0x00000000ec9b0000,0x00000000ec9b0000)
  from space 5248K, 99% used [0x00000000ec9b0000,0x00000000ececcef0,0x00000000eced0000)
  to   space 5248K, 0% used [0x00000000eedd0000,0x00000000eedd0000,0x00000000ef2f0000)
 ParOldGen       total 84480K, used 7511K [0x00000000c0000000, 0x00000000c5280000, 0x00000000eaab0000)
  object space 84480K, 8% used [0x00000000c0000000,0x00000000c0755d68,0x00000000c5280000)
 PSPermGen       total 21248K, used 6094K [0x00000000bae00000, 0x00000000bc2c0000, 0x00000000c0000000)
  object space 21248K, 28% used [0x00000000bae00000,0x00000000bb3f3aa8,0x00000000bc2c0000)
Event: 2.154 GC heap after
Heap after GC invocations=4 (full 0):
 PSYoungGen      total 68736K, used 5235K [0x00000000eaab0000, 0x00000000ef2f0000, 0x0000000100000000)
  eden space 63488K, 0% used [0x00000000eaab0000,0x00000000eaab0000,0x00000000ee8b0000)
  from space 5248K, 99% used [0x00000000eedd0000,0x00000000ef2eced0,0x00000000ef2f0000)
  to   space 5248K, 0% used [0x00000000ee8b0000,0x00000000ee8b0000,0x00000000eedd0000)
 ParOldGen       total 84480K, used 12546K [0x00000000c0000000, 0x00000000c5280000, 0x00000000eaab0000)
  object space 84480K, 14% used [0x00000000c0000000,0x00000000c0c40a60,0x00000000c5280000)
 PSPermGen       total 21248K, used 6094K [0x00000000bae00000, 0x00000000bc2c0000, 0x00000000c0000000)
  object space 21248K, 28% used [0x00000000bae00000,0x00000000bb3f3aa8,0x00000000bc2c0000)
}
Event: 2.848 GC heap before
{Heap before GC invocations=5 (full 0):
 PSYoungGen      total 68736K, used 68723K [0x00000000eaab0000, 0x00000000ef2f0000, 0x0000000100000000)
  eden space 63488K, 100% used [0x00000000eaab0000,0x00000000ee8b0000,0x00000000ee8b0000)
  from space 5248K, 99% used [0x00000000eedd0000,0x00000000ef2eced0,0x00000000ef2f0000)
  to   space 5248K, 0% used [0x00000000ee8b0000,0x00000000ee8b0000,0x00000000eedd0000)
 ParOldGen       total 84480K, used 12546K [0x00000000c0000000, 0x00000000c5280000, 0x00000000eaab0000)
  object space 84480K, 14% used [0x00000000c0000000,0x00000000c0c40a60,0x00000000c5280000)
 PSPermGen       total 21248K, used 6146K [0x00000000bae00000, 0x00000000bc2c0000, 0x00000000c0000000)
  object space 21248K, 28% used [0x00000000bae00000,0x00000000bb400970,0x00000000bc2c0000)
Event: 2.875 GC heap after
Heap after GC invocations=5 (full 0):
 PSYoungGen      total 68736K, used 5219K [0x00000000eaab0000, 0x00000000ef2f0000, 0x0000000100000000)
  eden space 63488K, 0% used [0x00000000eaab0000,0x00000000eaab0000,0x00000000ee8b0000)
  from space 5248K, 99% used [0x00000000ee8b0000,0x00000000eedc8ee0,0x00000000eedd0000)
  to   space 5248K, 0% used [0x00000000eedd0000,0x00000000eedd0000,0x00000000ef2f0000)
 ParOldGen       total 84480K, used 22487K [0x00000000c0000000, 0x00000000c5280000, 0x00000000eaab0000)
  object space 84480K, 26% used [0x00000000c0000000,0x00000000c15f5c88,0x00000000c5280000)
 PSPermGen       total 21248K, used 6146K [0x00000000bae00000, 0x00000000bc2c0000, 0x00000000c0000000)
  object space 21248K, 28% used [0x00000000bae00000,0x00000000bb400970,0x00000000bc2c0000)
}
Event: 3.251 GC heap before
{Heap before GC invocations=6 (full 0):
 PSYoungGen      total 68736K, used 68707K [0x00000000eaab0000, 0x00000000ef2f0000, 0x0000000100000000)
  eden space 63488K, 100% used [0x00000000eaab0000,0x00000000ee8b0000,0x00000000ee8b0000)
  from space 5248K, 99% used [0x00000000ee8b0000,0x00000000eedc8ee0,0x00000000eedd0000)
  to   space 5248K, 0% used [0x00000000eedd0000,0x00000000eedd0000,0x00000000ef2f0000)
 ParOldGen       total 84480K, used 22487K [0x00000000c0000000, 0x00000000c5280000, 0x00000000eaab0000)
  object space 84480K, 26% used [0x00000000c0000000,0x00000000c15f5c88,0x00000000c5280000)
 PSPermGen       total 21248K, used 6171K [0x00000000bae00000, 0x00000000bc2c0000, 0x00000000c0000000)
  object space 21248K, 29% used [0x00000000bae00000,0x00000000bb406c48,0x00000000bc2c0000)
Event: 3.282 GC heap after
Heap after GC invocations=6 (full 0):
 PSYoungGen      total 68736K, used 5229K [0x00000000eaab0000, 0x00000000ef2f0000, 0x0000000100000000)
  eden space 63488K, 0% used [0x00000000eaab0000,0x00000000eaab0000,0x00000000ee8b0000)
  from space 5248K, 99% used [0x00000000eedd0000,0x00000000ef2eb418,0x00000000ef2f0000)
  to   space 5248K, 0% used [0x00000000ee8b0000,0x00000000ee8b0000,0x00000000eedd0000)
 ParOldGen       total 84480K, used 34688K [0x00000000c0000000, 0x00000000c5280000, 0x00000000eaab0000)
  object space 84480K, 41% used [0x00000000c0000000,0x00000000c21e0390,0x00000000c5280000)
 PSPermGen       total 21248K, used 6171K [0x00000000bae00000, 0x00000000bc2c0000, 0x00000000c0000000)
  object space 21248K, 29% used [0x00000000bae00000,0x00000000bb406c48,0x00000000bc2c0000)
}
Event: 3.657 GC heap before
{Heap before GC invocations=7 (full 0):
 PSYoungGen      total 68736K, used 68717K [0x00000000eaab0000, 0x00000000ef2f0000, 0x0000000100000000)
  eden space 63488K, 100% used [0x00000000eaab0000,0x00000000ee8b0000,0x00000000ee8b0000)
  from space 5248K, 99% used [0x00000000eedd0000,0x00000000ef2eb418,0x00000000ef2f0000)
  to   space 5248K, 0% used [0x00000000ee8b0000,0x00000000ee8b0000,0x00000000eedd0000)
 ParOldGen       total 84480K, used 34688K [0x00000000c0000000, 0x00000000c5280000, 0x00000000eaab0000)
  object space 84480K, 41% used [0x00000000c0000000,0x00000000c21e0390,0x00000000c5280000)
 PSPermGen       total 21248K, used 6199K [0x00000000bae00000, 0x00000000bc2c0000, 0x00000000c0000000)
  object space 21248K, 29% used [0x00000000bae00000,0x00000000bb40ddb8,0x00000000bc2c0000)
Event: 3.710 GC heap after
Heap after GC invocations=7 (full 0):
 PSYoungGen      total 68736K, used 5223K [0x00000000eaab0000, 0x00000000ef2f0000, 0x0000000100000000)
  eden space 63488K, 0% used [0x00000000eaab0000,0x00000000eaab0000,0x00000000ee8b0000)
  from space 5248K, 99% used [0x00000000ee8b0000,0x00000000eedc9d60,0x00000000eedd0000)
  to   space 5248K, 0% used [0x00000000eedd0000,0x00000000eedd0000,0x00000000ef2f0000)
 ParOldGen       total 84480K, used 44611K [0x00000000c0000000, 0x00000000c5280000, 0x00000000eaab0000)
  object space 84480K, 52% used [0x00000000c0000000,0x00000000c2b90f10,0x00000000c5280000)
 PSPermGen       total 21248K, used 6199K [0x00000000bae00000, 0x00000000bc2c0000, 0x00000000c0000000)
  object space 21248K, 29% used [0x00000000bae00000,0x00000000bb40ddb8,0x00000000bc2c0000)
}

Deoptimization events (10 events):
Event: 3.314 Thread 0x000000000b051800 Uncommon trap -58 fr.pc 0x0000000002a42098
Event: 3.367 Thread 0x000000000b161000 Uncommon trap -12 fr.pc 0x0000000002996c80
Event: 3.430 Thread 0x000000000b100000 Uncommon trap -34 fr.pc 0x0000000002a93844
Event: 3.431 Thread 0x000000000b100000 Uncommon trap -34 fr.pc 0x0000000002a93844
Event: 3.431 Thread 0x000000000b100000 Uncommon trap -34 fr.pc 0x0000000002a93844
Event: 3.432 Thread 0x000000000b100000 Uncommon trap -34 fr.pc 0x0000000002a93844
Event: 3.619 Thread 0x000000000b161000 Uncommon trap -58 fr.pc 0x0000000002a062d8
Event: 3.619 Thread 0x000000000b161000 Uncommon trap -58 fr.pc 0x0000000002a42098
Event: 3.619 Thread 0x000000000b161000 Uncommon trap -58 fr.pc 0x0000000002a42098
Event: 3.619 Thread 0x000000000b161000 Uncommon trap -58 fr.pc 0x0000000002a42098

Internal exceptions (10 events):
Event: 0.784 Thread 0x00000000026e2800 Threw 0x00000000eadf42a0 at C:\jdk7u2_64p\jdk7u25\hotspot\src\share\vm\prims\jvm.cpp:1235
Event: 0.978 Thread 0x000000000b100000 Threw 0x00000000eb78c938 at C:\jdk7u2_64p\jdk7u25\hotspot\src\share\vm\prims\jvm.cpp:1235
Event: 0.981 Thread 0x000000000b161000 Implicit null exception at 0x000000000298ee1d to 0x000000000298fa5d
Event: 1.611 Thread 0x000000000b051800 Implicit null exception at 0x0000000002966692 to 0x0000000002966782
Event: 1.817 Thread 0x000000000b100000 Threw 0x00000000eadc4300 at C:\jdk7u2_64p\jdk7u25\hotspot\src\share\vm\prims\jvm.cpp:1235
Event: 2.010 Thread 0x000000000b100800 Implicit null exception at 0x00000000029e6030 to 0x00000000029e9799
Event: 2.099 Thread 0x00000000026e2800 Implicit null exception at 0x00000000029c6617 to 0x00000000029c6ce9
Event: 3.367 Thread 0x000000000b161000 Implicit null exception at 0x0000000002995e2a to 0x0000000002996c59
Event: 3.962 Thread 0x00000000026e2800 Threw 0x00000000eb919008 at C:\jdk7u2_64p\jdk7u25\hotspot\src\share\vm\prims\jvm.cpp:1235
Event: 4.124 Thread 0x00000000026e2800 Threw 0x00000000ec0d1148 at C:\jdk7u2_64p\jdk7u25\hotspot\src\share\vm\prims\jvm.cpp:1235

Events (10 events):
Event: 3.946 loading class 0x0000000008f84810 done
Event: 3.946 loading class 0x0000000008fb2230
Event: 3.946 loading class 0x0000000008fb2230 done
Event: 3.962 loading class 0x000000000b235020
Event: 3.962 loading class 0x000000000b235020 done
Event: 4.124 loading class 0x000000000b11c0d0
Event: 4.124 loading class 0x000000000b11c0d0 done
Event: 4.148 Executing VM operation: EnableBiasedLocking
Event: 4.149 Executing VM operation: EnableBiasedLocking done
Event: 4.195 Thread 0x0000000008f56000 flushing nmethod 0x0000000002a23b10


Dynamic libraries:
0x00007ff792280000 - 0x00007ff7922b3000 	C:\Program Files\Java\jdk1.7.0_25\bin\java.exe
0x00007ffcf7fc0000 - 0x00007ffcf8193000 	C:\WINDOWS\SYSTEM32\ntdll.dll
0x00007ffcf7d50000 - 0x00007ffcf7dfd000 	C:\WINDOWS\System32\KERNEL32.DLL
0x00007ffcf4390000 - 0x00007ffcf45c6000 	C:\WINDOWS\System32\KERNELBASE.dll
0x00007ffcf5b50000 - 0x00007ffcf5bfa000 	C:\WINDOWS\System32\ADVAPI32.dll
0x00007ffcf7a10000 - 0x00007ffcf7ab8000 	C:\WINDOWS\System32\msvcrt.dll
0x00007ffcf79b0000 - 0x00007ffcf7a0c000 	C:\WINDOWS\System32\sechost.dll
0x00007ffcf5ce0000 - 0x00007ffcf5e11000 	C:\WINDOWS\System32\RPCRT4.dll
0x00007ffcf7ac0000 - 0x00007ffcf7c0c000 	C:\WINDOWS\System32\USER32.dll
0x00007ffcf5250000 - 0x00007ffcf526e000 	C:\WINDOWS\System32\win32u.dll
0x00007ffcf5990000 - 0x00007ffcf59b8000 	C:\WINDOWS\System32\GDI32.dll
0x00007ffcf50c0000 - 0x00007ffcf524d000 	C:\WINDOWS\System32\gdi32full.dll
0x00007ffceb0d0000 - 0x00007ffceb355000 	C:\WINDOWS\WinSxS\amd64_microsoft.windows.common-controls_6595b64144ccf1df_6.0.14986.1000_none_8b018ec7bd35a85b\COMCTL32.dll
0x00007ffcf76a0000 - 0x00007ffcf79a2000 	C:\WINDOWS\System32\combase.dll
0x00007ffcf52d0000 - 0x00007ffcf53e0000 	C:\WINDOWS\System32\ucrtbase.dll
0x00007ffcf53e0000 - 0x00007ffcf5449000 	C:\WINDOWS\System32\bcryptPrimitives.dll
0x00007ffcf5cb0000 - 0x00007ffcf5cdf000 	C:\WINDOWS\System32\IMM32.DLL
0x0000000073580000 - 0x0000000073651000 	C:\Program Files\Java\jdk1.7.0_25\jre\bin\msvcr100.dll
0x0000000073930000 - 0x000000007403f000 	C:\Program Files\Java\jdk1.7.0_25\jre\bin\server\jvm.dll
0x00007ffcf6060000 - 0x00007ffcf6068000 	C:\WINDOWS\System32\PSAPI.DLL
0x00007ffcef080000 - 0x00007ffcef08a000 	C:\WINDOWS\SYSTEM32\WSOCK32.dll
0x00007ffcf5450000 - 0x00007ffcf54bf000 	C:\WINDOWS\System32\WS2_32.dll
0x00007ffcf2010000 - 0x00007ffcf2035000 	C:\WINDOWS\SYSTEM32\WINMM.dll
0x00007ffcf1fb0000 - 0x00007ffcf1fdc000 	C:\WINDOWS\SYSTEM32\winmmbase.dll
0x00007ffcf5070000 - 0x00007ffcf50b5000 	C:\WINDOWS\System32\cfgmgr32.dll
0x00000000752c0000 - 0x00000000752cf000 	C:\Program Files\Java\jdk1.7.0_25\jre\bin\verify.dll
0x0000000074d80000 - 0x0000000074da8000 	C:\Program Files\Java\jdk1.7.0_25\jre\bin\java.dll
0x00000000752a0000 - 0x00000000752b5000 	C:\Program Files\Java\jdk1.7.0_25\jre\bin\zip.dll
0x0000000074d60000 - 0x0000000074d79000 	C:\Program Files\Java\jdk1.7.0_25\jre\bin\net.dll
0x00007ffcf3bf0000 - 0x00007ffcf3c4e000 	C:\WINDOWS\system32\mswsock.dll
0x0000000074d40000 - 0x0000000074d51000 	C:\Program Files\Java\jdk1.7.0_25\jre\bin\nio.dll

VM Arguments:
jvm_args: -Djava.awt.headless=true -Xmx1024M -Dfile.encoding=windows-1252 -Duser.country=US -Duser.language=en -Duser.variant 
java_command: com.android.dx.command.Main --dex --num-threads=4 --output C:\Users\Tony\Documents\Android\Projects\CameraAlert\app\build\intermediates\pre-dexed\debug\com.google.android.gms-play-services-basement-8.1.0_48b00f0c3fd9445d0282c2e696ba37839a2e1109.jar C:\Users\Tony\Documents\Android\Projects\CameraAlert\app\build\intermediates\exploded-aar\com.google.android.gms\play-services-basement\8.1.0\jars\classes.jar
Launcher Type: SUN_STANDARD

Environment Variables:
JAVA_HOME=C:\Program Files\Java\jdk1.7.0_25
PATH=C:\ProgramData\Oracle\Java\javapath;C:\Program Files\WinRAR;C:\Users\Tony\AppData\Local\Google\Chrome\Application;C:\Perl64\site\bin;C:\Perl64\bin;C:\Program Files (x86)\NVIDIA Corporation\PhysX\Common;C:\Windows\system32;C:\Windows;C:\Windows\System32\Wbem;C:\Windows\System32\WindowsPowerShell\v1.0\;C:\Program Files (x86)\ATI Technologies\ATI.ACE\Core-Static;c:\Program Files (x86)\Microsoft SQL Server\100\Tools\Binn\;c:\Program Files\Microsoft SQL Server\100\Tools\Binn\;c:\Program Files\Microsoft SQL Server\100\DTS\Binn\;c:\Program Files (x86)\Microsoft ASP.NET\ASP.NET Web Pages\v1.0\;C:\Program Files\TortoiseSVN\bin;C:\Program Files (x86)\Microsoft SQL Server\100\Tools\Binn\VSShell\Common7\IDE\;C:\Program Files (x86)\Microsoft SQL Server\100\DTS\Binn\;C:\Program Files\Microsoft SQL Server\110\Tools\Binn\;C:\Program Files (x86)\Diffuse;C:\Program Files (x86)\GtkSharp\2.12\bin;C:\HashiCorp\Vagrant;C:\Program Files (x86)\Android\android-studio8\sdk\platform-tools;C:\Program Files\Microsoft\Web Platform Installer\;C:\Program Files (x86)\Microsoft SDKs\Azure\CLI\wbin;C:\WINDOWS\System32\WindowsPowerShell\v1.0\;C:\Program Files (x86)\Git\cmd;C:\Users\Tony\AppData\Roaming\nvm;C:\Program Files\nodejs;C:\WINDOWS\system32;C:\WINDOWS;C:\WINDOWS\System32\Wbem;C:\Program Files (x86)\Windows Kits\8.1\Windows Performance Toolkit\;C:\Users\Tony\AppData\Local\Microsoft\WindowsApps;C:\ProgramData\chocolatey\bin;C:\WINDOWS\system32;C:\WINDOWS;C:\WINDOWS\System32\Wbem;C:\WINDOWS\System32\WindowsPowerShell\v1.0\;C:\Program Files\OpenVPN\bin;C:\Python27;C:\Program Files\MongoDB 2.6 Standard\bin;C:\Program Files (x86)\CMake\bin;C:\Users\Tony\Documents\Android\ndk\android-ndk-r9d;C:\Users\Tony\AppData\Local\atom\bin;C:\Program Files (x86)\Microsoft VS Code\bin;C:\Users\Tony\AppData\Roaming\npm;C:\Users\Tony\AppData\Roaming\nvm;C:\Program Files\nodejs;C:\Users\Tony\AppData\Local\Microsoft\WindowsApps;
USERNAME=Tony
OS=Windows_NT
PROCESSOR_IDENTIFIER=AMD64 Family 21 Model 1 Stepping 2, AuthenticAMD



---------------  S Y S T E M  ---------------

OS: Windows 8 , 64 bit Build 9200 

CPU:total 6 (6 cores per cpu, 1 threads per core) family 21 model 1 stepping 2, cmov, cx8, fxsr, mmx, sse, sse2, sse3, ssse3, sse4.1, sse4.2, popcnt, avx, mmxext, 3dnowpref, lzcnt, sse4a, tsc, tscinvbit, tscinv

Memory: 4k page, physical 8109136k(419196k free), swap 33274960k(5140k free)

vm_info: Java HotSpot(TM) 64-Bit Server VM (23.25-b01) for windows-amd64 JRE (1.7.0_25-b17), built on Jun 21 2013 12:58:32 by "java_re" with unknown MS VC++:1600

time: Sat Feb 04 15:00:27 2017
elapsed time: 4 seconds

